mode: set
job4j_go_share_trip/internal/api/ready.go:12.44,17.2 1 0
job4j_go_share_trip/internal/api/route.go:5.44,12.2 5 1
job4j_go_share_trip/internal/api/server.go:16.48,24.2 2 1
job4j_go_share_trip/internal/domain/trip/entity/trip.go:36.18,37.26 1 1
job4j_go_share_trip/internal/domain/trip/entity/trip.go:37.26,39.3 1 0
job4j_go_share_trip/internal/domain/trip/entity/trip.go:40.2,40.21 1 1
job4j_go_share_trip/internal/domain/trip/entity/trip.go:40.21,42.3 1 0
job4j_go_share_trip/internal/domain/trip/entity/trip.go:43.2,43.19 1 1
job4j_go_share_trip/internal/domain/trip/entity/trip.go:43.19,45.3 1 0
job4j_go_share_trip/internal/domain/trip/entity/trip.go:46.2,46.28 1 1
job4j_go_share_trip/internal/domain/trip/entity/trip.go:46.28,48.3 1 0
job4j_go_share_trip/internal/domain/trip/entity/trip.go:49.2,49.16 1 1
job4j_go_share_trip/internal/domain/trip/entity/trip.go:49.16,51.3 1 0
job4j_go_share_trip/internal/domain/trip/entity/trip.go:53.2,62.8 1 1
job4j_go_share_trip/internal/domain/trip/handler/create_trip.go:13.54,17.43 2 1
job4j_go_share_trip/internal/domain/trip/handler/create_trip.go:17.43,23.3 2 0
job4j_go_share_trip/internal/domain/trip/handler/create_trip.go:25.2,28.39 2 1
job4j_go_share_trip/internal/domain/trip/handler/create_trip.go:28.39,33.3 2 0
job4j_go_share_trip/internal/domain/trip/handler/create_trip.go:36.2,37.16 2 1
job4j_go_share_trip/internal/domain/trip/handler/create_trip.go:37.16,42.3 2 0
job4j_go_share_trip/internal/domain/trip/handler/create_trip.go:45.2,52.16 2 1
job4j_go_share_trip/internal/domain/trip/handler/create_trip.go:52.16,57.3 2 0
job4j_go_share_trip/internal/domain/trip/handler/create_trip.go:60.2,60.64 1 1
job4j_go_share_trip/internal/domain/trip/handler/create_trip.go:60.64,65.3 2 0
job4j_go_share_trip/internal/domain/trip/handler/create_trip.go:68.2,68.78 1 1
job4j_go_share_trip/internal/domain/trip/handler/get_trip_by_uuid.go:10.57,14.19 3 0
job4j_go_share_trip/internal/domain/trip/handler/get_trip_by_uuid.go:14.19,18.6 1 0
job4j_go_share_trip/internal/domain/trip/handler/get_trip_by_uuid.go:20.5,22.21 2 0
job4j_go_share_trip/internal/domain/trip/handler/get_trip_by_uuid.go:22.21,26.6 1 0
job4j_go_share_trip/internal/domain/trip/handler/get_trip_by_uuid.go:28.5,28.81 1 0
job4j_go_share_trip/internal/domain/trip/handler/move_trip_draft_to_publish.go:13.66,17.43 2 1
job4j_go_share_trip/internal/domain/trip/handler/move_trip_draft_to_publish.go:17.43,23.3 2 0
job4j_go_share_trip/internal/domain/trip/handler/move_trip_draft_to_publish.go:26.2,26.39 1 1
job4j_go_share_trip/internal/domain/trip/handler/move_trip_draft_to_publish.go:26.39,31.3 2 0
job4j_go_share_trip/internal/domain/trip/handler/move_trip_draft_to_publish.go:33.2,34.16 2 1
job4j_go_share_trip/internal/domain/trip/handler/move_trip_draft_to_publish.go:34.16,39.3 1 1
job4j_go_share_trip/internal/domain/trip/handler/move_trip_draft_to_publish.go:41.2,41.35 1 1
job4j_go_share_trip/internal/domain/trip/handler/move_trip_draft_to_publish.go:41.35,45.3 1 1
job4j_go_share_trip/internal/domain/trip/handler/move_trip_draft_to_publish.go:47.2,47.43 1 1
job4j_go_share_trip/internal/domain/trip/handler/move_trip_draft_to_publish.go:47.43,49.3 1 1
job4j_go_share_trip/internal/domain/trip/handler/move_trip_draft_to_publish.go:51.2,51.39 1 1
job4j_go_share_trip/internal/domain/trip/handler/move_trip_draft_to_publish.go:51.39,55.3 1 1
job4j_go_share_trip/internal/domain/trip/handler/move_trip_draft_to_publish.go:57.5,61.16 4 1
job4j_go_share_trip/internal/domain/trip/handler/move_trip_draft_to_publish.go:61.16,66.3 1 0
job4j_go_share_trip/internal/domain/trip/handler/move_trip_draft_to_publish.go:68.5,68.105 1 1
job4j_go_share_trip/internal/domain/trip/handler/trip_handler.go:9.68,13.2 1 1
job4j_go_share_trip/internal/domain/trip/handler/request/create_trip_request.go:31.46,33.28 1 1
job4j_go_share_trip/internal/domain/trip/handler/request/create_trip_request.go:33.28,35.3 1 0
job4j_go_share_trip/internal/domain/trip/handler/request/create_trip_request.go:36.2,36.67 1 1
job4j_go_share_trip/internal/domain/trip/handler/request/create_trip_request.go:36.67,38.3 1 0
job4j_go_share_trip/internal/domain/trip/handler/request/create_trip_request.go:41.2,41.23 1 1
job4j_go_share_trip/internal/domain/trip/handler/request/create_trip_request.go:41.23,43.3 1 0
job4j_go_share_trip/internal/domain/trip/handler/request/create_trip_request.go:46.2,46.21 1 1
job4j_go_share_trip/internal/domain/trip/handler/request/create_trip_request.go:46.21,48.3 1 0
job4j_go_share_trip/internal/domain/trip/handler/request/create_trip_request.go:51.2,51.27 1 1
job4j_go_share_trip/internal/domain/trip/handler/request/create_trip_request.go:51.27,53.3 1 0
job4j_go_share_trip/internal/domain/trip/handler/request/create_trip_request.go:56.2,56.18 1 1
job4j_go_share_trip/internal/domain/trip/handler/request/create_trip_request.go:56.18,58.3 1 0
job4j_go_share_trip/internal/domain/trip/handler/request/create_trip_request.go:59.2,59.18 1 1
job4j_go_share_trip/internal/domain/trip/handler/request/create_trip_request.go:59.18,61.3 1 0
job4j_go_share_trip/internal/domain/trip/handler/request/create_trip_request.go:63.2,63.12 1 1
job4j_go_share_trip/internal/domain/trip/handler/request/create_trip_request.go:67.69,72.16 3 1
job4j_go_share_trip/internal/domain/trip/handler/request/create_trip_request.go:72.16,74.3 1 0
job4j_go_share_trip/internal/domain/trip/handler/request/create_trip_request.go:77.2,77.38 1 1
job4j_go_share_trip/internal/domain/trip/handler/request/create_trip_request.go:77.38,79.3 1 0
job4j_go_share_trip/internal/domain/trip/handler/request/create_trip_request.go:81.2,81.27 1 1
job4j_go_share_trip/internal/domain/trip/handler/request/move_trip_draft_to_publish_model_request.go:22.63,24.26 1 1
job4j_go_share_trip/internal/domain/trip/handler/request/move_trip_draft_to_publish_model_request.go:24.26,26.3 1 0
job4j_go_share_trip/internal/domain/trip/handler/request/move_trip_draft_to_publish_model_request.go:27.2,27.65 1 1
job4j_go_share_trip/internal/domain/trip/handler/request/move_trip_draft_to_publish_model_request.go:27.65,29.3 1 0
job4j_go_share_trip/internal/domain/trip/handler/request/move_trip_draft_to_publish_model_request.go:32.2,32.28 1 1
job4j_go_share_trip/internal/domain/trip/handler/request/move_trip_draft_to_publish_model_request.go:32.28,34.3 1 0
job4j_go_share_trip/internal/domain/trip/handler/request/move_trip_draft_to_publish_model_request.go:35.2,35.67 1 1
job4j_go_share_trip/internal/domain/trip/handler/request/move_trip_draft_to_publish_model_request.go:35.67,37.3 1 0
job4j_go_share_trip/internal/domain/trip/handler/request/move_trip_draft_to_publish_model_request.go:39.2,39.12 1 1
job4j_go_share_trip/internal/domain/trip/handler/response/create_trip_response.go:21.52,30.2 8 0
job4j_go_share_trip/internal/domain/trip/handler/response/create_trip_response.go:33.52,44.2 1 1
job4j_go_share_trip/internal/domain/trip/handler/response/create_trip_response.go:47.65,52.2 1 1
job4j_go_share_trip/internal/domain/trip/handler/response/create_trip_response.go:55.81,60.22 2 0
job4j_go_share_trip/internal/domain/trip/handler/response/create_trip_response.go:60.22,62.3 1 0
job4j_go_share_trip/internal/domain/trip/handler/response/create_trip_response.go:63.2,63.13 1 0
job4j_go_share_trip/internal/domain/trip/handler/response/move_trip_draft_to_publish_model_response.go:11.98,15.2 1 1
job4j_go_share_trip/internal/domain/trip/handler/response/move_trip_draft_to_publish_model_response.go:17.87,22.2 1 1
job4j_go_share_trip/internal/domain/trip/handler/response/move_trip_draft_to_publish_model_response.go:25.103,30.22 2 1
job4j_go_share_trip/internal/domain/trip/handler/response/move_trip_draft_to_publish_model_response.go:30.22,32.3 1 1
job4j_go_share_trip/internal/domain/trip/handler/response/move_trip_draft_to_publish_model_response.go:33.2,33.13 1 1
job4j_go_share_trip/internal/domain/trip/repository/trip_repository.go:33.62,35.2 1 1
job4j_go_share_trip/internal/domain/trip/repository/trip_repository.go:37.48,39.2 1 1
job4j_go_share_trip/internal/domain/trip/repository/trip_repository.go:41.79,43.2 1 1
job4j_go_share_trip/internal/domain/trip/repository/trip_repository.go:45.120,47.21 2 0
job4j_go_share_trip/internal/domain/trip/repository/trip_repository.go:47.21,49.6 1 0
job4j_go_share_trip/internal/domain/trip/repository/trip_repository.go:51.5,52.21 2 0
job4j_go_share_trip/internal/domain/trip/repository/trip_repository.go:52.21,54.6 1 0
job4j_go_share_trip/internal/domain/trip/repository/trip_repository.go:56.5,56.28 1 0
job4j_go_share_trip/internal/domain/trip/repository/trip_repository.go:59.93,87.2 3 1
job4j_go_share_trip/internal/domain/trip/repository/trip_repository.go:89.93,104.2 3 1
job4j_go_share_trip/internal/domain/trip/repository/trip_repository.go:112.9,113.24 1 1
job4j_go_share_trip/internal/domain/trip/repository/trip_repository.go:113.24,115.3 1 0
job4j_go_share_trip/internal/domain/trip/repository/trip_repository.go:116.2,116.21 1 1
job4j_go_share_trip/internal/domain/trip/repository/trip_repository.go:116.21,118.3 1 0
job4j_go_share_trip/internal/domain/trip/repository/trip_repository.go:120.2,137.44 9 1
job4j_go_share_trip/internal/domain/trip/repository/trip_repository.go:137.44,140.3 2 1
job4j_go_share_trip/internal/domain/trip/repository/trip_repository.go:142.2,143.22 2 1
job4j_go_share_trip/internal/domain/trip/repository/trip_repository.go:143.22,145.3 1 1
job4j_go_share_trip/internal/domain/trip/repository/trip_repository.go:147.2,155.12 7 1
job4j_go_share_trip/internal/domain/trip/repository/trip_repository.go:158.99,185.16 4 1
job4j_go_share_trip/internal/domain/trip/repository/trip_repository.go:185.16,188.3 1 0
job4j_go_share_trip/internal/domain/trip/repository/trip_repository.go:190.2,190.19 1 1
job4j_go_share_trip/internal/domain/trip/repository/trip_repository.go:197.24,201.72 2 1
job4j_go_share_trip/internal/domain/trip/repository/trip_repository.go:201.72,204.17 2 1
job4j_go_share_trip/internal/domain/trip/repository/trip_repository.go:204.17,206.4 1 1
job4j_go_share_trip/internal/domain/trip/repository/trip_repository.go:207.3,208.20 2 1
job4j_go_share_trip/internal/domain/trip/repository/trip_repository.go:211.2,211.16 1 1
job4j_go_share_trip/internal/domain/trip/repository/trip_repository.go:211.16,213.3 1 1
job4j_go_share_trip/internal/domain/trip/repository/trip_repository.go:215.2,215.18 1 1
job4j_go_share_trip/internal/domain/trip/repository/trip_repository.go:222.24,249.16 4 1
job4j_go_share_trip/internal/domain/trip/repository/trip_repository.go:249.16,250.36 1 1
job4j_go_share_trip/internal/domain/trip/repository/trip_repository.go:250.36,252.4 1 1
job4j_go_share_trip/internal/domain/trip/repository/trip_repository.go:253.3,255.4 1 0
job4j_go_share_trip/internal/domain/trip/repository/trip_repository.go:258.2,258.18 1 1
job4j_go_share_trip/internal/domain/trip/service/trip_service.go:26.16,31.2 1 1
job4j_go_share_trip/internal/domain/trip/service/trip_service.go:33.76,36.42 2 1
job4j_go_share_trip/internal/domain/trip/service/trip_service.go:36.42,39.6 2 0
job4j_go_share_trip/internal/domain/trip/service/trip_service.go:40.5,40.18 1 1
job4j_go_share_trip/internal/domain/trip/service/trip_service.go:40.18,41.46 1 1
job4j_go_share_trip/internal/domain/trip/service/trip_service.go:41.46,43.10 1 1
job4j_go_share_trip/internal/domain/trip/service/trip_service.go:46.2,46.74 1 1
job4j_go_share_trip/internal/domain/trip/service/trip_service.go:46.74,49.3 2 0
job4j_go_share_trip/internal/domain/trip/service/trip_service.go:51.5,51.106 1 1
job4j_go_share_trip/internal/domain/trip/service/trip_service.go:51.106,53.6 1 0
job4j_go_share_trip/internal/domain/trip/service/trip_service.go:55.5,56.77 2 1
job4j_go_share_trip/internal/domain/trip/service/trip_service.go:56.77,59.6 2 0
job4j_go_share_trip/internal/domain/trip/service/trip_service.go:61.5,61.40 1 1
job4j_go_share_trip/internal/domain/trip/service/trip_service.go:61.40,63.6 1 0
job4j_go_share_trip/internal/domain/trip/service/trip_service.go:65.5,65.15 1 1
job4j_go_share_trip/internal/domain/trip/service/trip_service.go:68.117,71.42 2 1
job4j_go_share_trip/internal/domain/trip/service/trip_service.go:71.42,73.6 1 0
job4j_go_share_trip/internal/domain/trip/service/trip_service.go:74.5,74.18 1 1
job4j_go_share_trip/internal/domain/trip/service/trip_service.go:74.18,75.46 1 1
job4j_go_share_trip/internal/domain/trip/service/trip_service.go:75.46,77.10 1 1
job4j_go_share_trip/internal/domain/trip/service/trip_service.go:80.5,80.77 1 1
job4j_go_share_trip/internal/domain/trip/service/trip_service.go:80.77,82.6 1 0
job4j_go_share_trip/internal/domain/trip/service/trip_service.go:84.5,84.113 1 1
job4j_go_share_trip/internal/domain/trip/service/trip_service.go:84.113,86.6 1 0
job4j_go_share_trip/internal/domain/trip/service/trip_service.go:88.5,89.77 2 1
job4j_go_share_trip/internal/domain/trip/service/trip_service.go:89.77,91.6 1 0
job4j_go_share_trip/internal/domain/trip/service/trip_service.go:93.5,94.19 2 1
job4j_go_share_trip/internal/domain/trip/service/trip_service.go:94.19,96.6 1 0
job4j_go_share_trip/internal/domain/trip/service/trip_service.go:98.5,98.40 1 1
job4j_go_share_trip/internal/domain/trip/service/trip_service.go:98.40,100.6 1 0
job4j_go_share_trip/internal/domain/trip/service/trip_service.go:102.5,102.28 1 1
job4j_go_share_trip/internal/domain/trip/service/trip_service.go:105.96,107.2 1 0
job4j_go_share_trip/internal/domain/trip/service/trip_service.go:112.24,114.2 1 1
job4j_go_share_trip/internal/domain/trip/service/trip_service.go:116.111,118.19 2 1
job4j_go_share_trip/internal/domain/trip/service/trip_service.go:118.19,120.6 1 0
job4j_go_share_trip/internal/domain/trip/service/trip_service.go:122.5,128.11 1 1
job4j_go_share_trip/internal/shared/outbox/event_repository.go:18.60,20.2 1 1
job4j_go_share_trip/internal/shared/outbox/event_repository.go:22.73,24.2 1 0
job4j_go_share_trip/internal/shared/outbox/event_repository.go:26.87,48.2 3 1
job4j_go_share_trip/internal/storage/db.go:20.30,22.15 2 0
job4j_go_share_trip/internal/storage/db.go:22.15,24.3 1 0
job4j_go_share_trip/internal/storage/db.go:25.2,28.3 1 0
job4j_go_share_trip/internal/storage/db.go:31.70,33.16 2 0
job4j_go_share_trip/internal/storage/db.go:33.16,35.3 1 0
job4j_go_share_trip/internal/storage/db.go:37.2,43.16 6 0
job4j_go_share_trip/internal/storage/db.go:43.16,45.3 1 0
job4j_go_share_trip/internal/storage/db.go:47.2,50.43 3 0
job4j_go_share_trip/internal/storage/db.go:50.43,53.3 2 0
job4j_go_share_trip/internal/storage/db.go:55.2,55.18 1 0
job4j_go_share_trip/internal/storage/transaction.go:16.15,18.16 2 1
job4j_go_share_trip/internal/storage/transaction.go:18.16,20.3 1 0
job4j_go_share_trip/internal/storage/transaction.go:22.2,22.15 1 1
job4j_go_share_trip/internal/storage/transaction.go:22.15,23.17 1 1
job4j_go_share_trip/internal/storage/transaction.go:23.17,24.64 1 1
job4j_go_share_trip/internal/storage/transaction.go:24.64,27.5 1 0
job4j_go_share_trip/internal/storage/transaction.go:31.2,32.16 2 1
job4j_go_share_trip/internal/storage/transaction.go:32.16,34.3 1 1
job4j_go_share_trip/internal/storage/transaction.go:36.2,36.43 1 1
job4j_go_share_trip/internal/storage/transaction.go:36.43,38.3 1 0
job4j_go_share_trip/internal/storage/transaction.go:40.2,40.17 1 1
job4j_go_share_trip/internal/storage/transaction.go:47.9,49.16 2 0
job4j_go_share_trip/internal/storage/transaction.go:49.16,51.3 1 0
job4j_go_share_trip/internal/storage/transaction.go:53.2,53.15 1 0
job4j_go_share_trip/internal/storage/transaction.go:53.15,54.17 1 0
job4j_go_share_trip/internal/storage/transaction.go:54.17,55.59 1 0
job4j_go_share_trip/internal/storage/transaction.go:55.59,58.5 1 0
job4j_go_share_trip/internal/storage/transaction.go:62.2,62.33 1 0
job4j_go_share_trip/internal/storage/transaction.go:62.33,64.3 1 0
job4j_go_share_trip/internal/storage/transaction.go:66.2,66.38 1 0
job4j_go_share_trip/internal/storage/transaction.go:66.38,68.3 1 0
job4j_go_share_trip/internal/storage/transaction.go:70.2,70.12 1 0
job4j_go_share_trip/internal/storage/unit_of_work.go:18.50,20.2 1 1
job4j_go_share_trip/internal/storage/unit_of_work.go:22.57,24.19 2 1
job4j_go_share_trip/internal/storage/unit_of_work.go:24.19,26.6 1 0
job4j_go_share_trip/internal/storage/unit_of_work.go:27.5,29.15 3 1
job4j_go_share_trip/internal/storage/unit_of_work.go:32.39,33.22 1 1
job4j_go_share_trip/internal/storage/unit_of_work.go:33.22,35.6 1 0
job4j_go_share_trip/internal/storage/unit_of_work.go:36.5,36.34 1 1
job4j_go_share_trip/internal/storage/unit_of_work.go:39.41,40.22 1 1
job4j_go_share_trip/internal/storage/unit_of_work.go:40.22,42.6 1 0
job4j_go_share_trip/internal/storage/unit_of_work.go:43.5,43.36 1 1
job4j_go_share_trip/internal/storage/unit_of_work.go:46.39,48.2 1 1
job4j_go_share_trip/internal/domain/trip/handler/create_trip.go:13.54,17.43 2 0
job4j_go_share_trip/internal/domain/trip/handler/create_trip.go:17.43,23.3 2 0
job4j_go_share_trip/internal/domain/trip/handler/create_trip.go:25.2,28.39 2 0
job4j_go_share_trip/internal/domain/trip/handler/create_trip.go:28.39,33.3 2 0
job4j_go_share_trip/internal/domain/trip/handler/create_trip.go:36.2,37.16 2 0
job4j_go_share_trip/internal/domain/trip/handler/create_trip.go:37.16,42.3 2 0
job4j_go_share_trip/internal/domain/trip/handler/create_trip.go:45.2,52.16 2 0
job4j_go_share_trip/internal/domain/trip/handler/create_trip.go:52.16,57.3 2 0
job4j_go_share_trip/internal/domain/trip/handler/create_trip.go:60.2,60.64 1 0
job4j_go_share_trip/internal/domain/trip/handler/create_trip.go:60.64,65.3 2 0
job4j_go_share_trip/internal/domain/trip/handler/create_trip.go:68.2,68.78 1 0
job4j_go_share_trip/internal/domain/trip/handler/get_trip_by_uuid.go:10.57,14.19 3 0
job4j_go_share_trip/internal/domain/trip/handler/get_trip_by_uuid.go:14.19,18.6 1 0
job4j_go_share_trip/internal/domain/trip/handler/get_trip_by_uuid.go:20.5,22.21 2 0
job4j_go_share_trip/internal/domain/trip/handler/get_trip_by_uuid.go:22.21,26.6 1 0
job4j_go_share_trip/internal/domain/trip/handler/get_trip_by_uuid.go:28.5,28.81 1 0
job4j_go_share_trip/internal/domain/trip/handler/move_trip_draft_to_publish.go:13.66,17.43 2 0
job4j_go_share_trip/internal/domain/trip/handler/move_trip_draft_to_publish.go:17.43,23.3 2 0
job4j_go_share_trip/internal/domain/trip/handler/move_trip_draft_to_publish.go:26.2,26.39 1 0
job4j_go_share_trip/internal/domain/trip/handler/move_trip_draft_to_publish.go:26.39,31.3 2 0
job4j_go_share_trip/internal/domain/trip/handler/move_trip_draft_to_publish.go:33.2,34.16 2 0
job4j_go_share_trip/internal/domain/trip/handler/move_trip_draft_to_publish.go:34.16,39.3 1 0
job4j_go_share_trip/internal/domain/trip/handler/move_trip_draft_to_publish.go:41.2,41.35 1 0
job4j_go_share_trip/internal/domain/trip/handler/move_trip_draft_to_publish.go:41.35,45.3 1 0
job4j_go_share_trip/internal/domain/trip/handler/move_trip_draft_to_publish.go:47.2,47.43 1 0
job4j_go_share_trip/internal/domain/trip/handler/move_trip_draft_to_publish.go:47.43,49.3 1 0
job4j_go_share_trip/internal/domain/trip/handler/move_trip_draft_to_publish.go:51.2,51.39 1 0
job4j_go_share_trip/internal/domain/trip/handler/move_trip_draft_to_publish.go:51.39,55.3 1 0
job4j_go_share_trip/internal/domain/trip/handler/move_trip_draft_to_publish.go:57.5,61.16 4 0
job4j_go_share_trip/internal/domain/trip/handler/move_trip_draft_to_publish.go:61.16,66.3 1 0
job4j_go_share_trip/internal/domain/trip/handler/move_trip_draft_to_publish.go:68.5,68.105 1 0
job4j_go_share_trip/internal/domain/trip/handler/trip_handler.go:9.68,13.2 1 0
job4j_go_share_trip/internal/domain/trip/handler/response/create_trip_response.go:21.52,30.2 8 0
job4j_go_share_trip/internal/domain/trip/handler/response/create_trip_response.go:33.52,44.2 1 0
job4j_go_share_trip/internal/domain/trip/handler/response/create_trip_response.go:47.65,52.2 1 0
job4j_go_share_trip/internal/domain/trip/handler/response/create_trip_response.go:55.81,60.22 2 0
job4j_go_share_trip/internal/domain/trip/handler/response/create_trip_response.go:60.22,62.3 1 0
job4j_go_share_trip/internal/domain/trip/handler/response/create_trip_response.go:63.2,63.13 1 0
job4j_go_share_trip/internal/domain/trip/handler/response/move_trip_draft_to_publish_model_response.go:11.98,15.2 1 0
job4j_go_share_trip/internal/domain/trip/handler/response/move_trip_draft_to_publish_model_response.go:17.87,22.2 1 0
job4j_go_share_trip/internal/domain/trip/handler/response/move_trip_draft_to_publish_model_response.go:25.103,30.22 2 0
job4j_go_share_trip/internal/domain/trip/handler/response/move_trip_draft_to_publish_model_response.go:30.22,32.3 1 0
job4j_go_share_trip/internal/domain/trip/handler/response/move_trip_draft_to_publish_model_response.go:33.2,33.13 1 0
job4j_go_share_trip/internal/domain/trip/entity/trip.go:36.18,37.26 1 0
job4j_go_share_trip/internal/domain/trip/entity/trip.go:37.26,39.3 1 0
job4j_go_share_trip/internal/domain/trip/entity/trip.go:40.2,40.21 1 0
job4j_go_share_trip/internal/domain/trip/entity/trip.go:40.21,42.3 1 0
job4j_go_share_trip/internal/domain/trip/entity/trip.go:43.2,43.19 1 0
job4j_go_share_trip/internal/domain/trip/entity/trip.go:43.19,45.3 1 0
job4j_go_share_trip/internal/domain/trip/entity/trip.go:46.2,46.28 1 0
job4j_go_share_trip/internal/domain/trip/entity/trip.go:46.28,48.3 1 0
job4j_go_share_trip/internal/domain/trip/entity/trip.go:49.2,49.16 1 0
job4j_go_share_trip/internal/domain/trip/entity/trip.go:49.16,51.3 1 0
job4j_go_share_trip/internal/domain/trip/entity/trip.go:53.2,62.8 1 0
job4j_go_share_trip/internal/domain/trip/handler/request/create_trip_request.go:31.46,33.28 1 0
job4j_go_share_trip/internal/domain/trip/handler/request/create_trip_request.go:33.28,35.3 1 0
job4j_go_share_trip/internal/domain/trip/handler/request/create_trip_request.go:36.2,36.67 1 0
job4j_go_share_trip/internal/domain/trip/handler/request/create_trip_request.go:36.67,38.3 1 0
job4j_go_share_trip/internal/domain/trip/handler/request/create_trip_request.go:41.2,41.23 1 0
job4j_go_share_trip/internal/domain/trip/handler/request/create_trip_request.go:41.23,43.3 1 0
job4j_go_share_trip/internal/domain/trip/handler/request/create_trip_request.go:46.2,46.21 1 0
job4j_go_share_trip/internal/domain/trip/handler/request/create_trip_request.go:46.21,48.3 1 0
job4j_go_share_trip/internal/domain/trip/handler/request/create_trip_request.go:51.2,51.27 1 0
job4j_go_share_trip/internal/domain/trip/handler/request/create_trip_request.go:51.27,53.3 1 0
job4j_go_share_trip/internal/domain/trip/handler/request/create_trip_request.go:56.2,56.18 1 0
job4j_go_share_trip/internal/domain/trip/handler/request/create_trip_request.go:56.18,58.3 1 0
job4j_go_share_trip/internal/domain/trip/handler/request/create_trip_request.go:59.2,59.18 1 0
job4j_go_share_trip/internal/domain/trip/handler/request/create_trip_request.go:59.18,61.3 1 0
job4j_go_share_trip/internal/domain/trip/handler/request/create_trip_request.go:63.2,63.12 1 0
job4j_go_share_trip/internal/domain/trip/handler/request/create_trip_request.go:67.69,72.16 3 0
job4j_go_share_trip/internal/domain/trip/handler/request/create_trip_request.go:72.16,74.3 1 0
job4j_go_share_trip/internal/domain/trip/handler/request/create_trip_request.go:77.2,77.38 1 0
job4j_go_share_trip/internal/domain/trip/handler/request/create_trip_request.go:77.38,79.3 1 0
job4j_go_share_trip/internal/domain/trip/handler/request/create_trip_request.go:81.2,81.27 1 0
job4j_go_share_trip/internal/domain/trip/handler/request/move_trip_draft_to_publish_model_request.go:22.63,24.26 1 0
job4j_go_share_trip/internal/domain/trip/handler/request/move_trip_draft_to_publish_model_request.go:24.26,26.3 1 0
job4j_go_share_trip/internal/domain/trip/handler/request/move_trip_draft_to_publish_model_request.go:27.2,27.65 1 0
job4j_go_share_trip/internal/domain/trip/handler/request/move_trip_draft_to_publish_model_request.go:27.65,29.3 1 0
job4j_go_share_trip/internal/domain/trip/handler/request/move_trip_draft_to_publish_model_request.go:32.2,32.28 1 0
job4j_go_share_trip/internal/domain/trip/handler/request/move_trip_draft_to_publish_model_request.go:32.28,34.3 1 0
job4j_go_share_trip/internal/domain/trip/handler/request/move_trip_draft_to_publish_model_request.go:35.2,35.67 1 0
job4j_go_share_trip/internal/domain/trip/handler/request/move_trip_draft_to_publish_model_request.go:35.67,37.3 1 0
job4j_go_share_trip/internal/domain/trip/handler/request/move_trip_draft_to_publish_model_request.go:39.2,39.12 1 0
job4j_go_share_trip/internal/domain/trip/repository/trip_repository.go:33.62,35.2 1 0
job4j_go_share_trip/internal/domain/trip/repository/trip_repository.go:37.48,39.2 1 0
job4j_go_share_trip/internal/domain/trip/repository/trip_repository.go:41.79,43.2 1 0
job4j_go_share_trip/internal/domain/trip/repository/trip_repository.go:45.120,47.21 2 0
job4j_go_share_trip/internal/domain/trip/repository/trip_repository.go:47.21,49.6 1 0
job4j_go_share_trip/internal/domain/trip/repository/trip_repository.go:51.5,52.21 2 0
job4j_go_share_trip/internal/domain/trip/repository/trip_repository.go:52.21,54.6 1 0
job4j_go_share_trip/internal/domain/trip/repository/trip_repository.go:56.5,56.28 1 0
job4j_go_share_trip/internal/domain/trip/repository/trip_repository.go:59.93,87.2 3 0
job4j_go_share_trip/internal/domain/trip/repository/trip_repository.go:89.93,104.2 3 0
job4j_go_share_trip/internal/domain/trip/repository/trip_repository.go:112.9,113.24 1 0
job4j_go_share_trip/internal/domain/trip/repository/trip_repository.go:113.24,115.3 1 0
job4j_go_share_trip/internal/domain/trip/repository/trip_repository.go:116.2,116.21 1 0
job4j_go_share_trip/internal/domain/trip/repository/trip_repository.go:116.21,118.3 1 0
job4j_go_share_trip/internal/domain/trip/repository/trip_repository.go:120.2,137.44 9 0
job4j_go_share_trip/internal/domain/trip/repository/trip_repository.go:137.44,140.3 2 0
job4j_go_share_trip/internal/domain/trip/repository/trip_repository.go:142.2,143.22 2 0
job4j_go_share_trip/internal/domain/trip/repository/trip_repository.go:143.22,145.3 1 0
job4j_go_share_trip/internal/domain/trip/repository/trip_repository.go:147.2,155.12 7 0
job4j_go_share_trip/internal/domain/trip/repository/trip_repository.go:158.99,185.16 4 0
job4j_go_share_trip/internal/domain/trip/repository/trip_repository.go:185.16,188.3 1 0
job4j_go_share_trip/internal/domain/trip/repository/trip_repository.go:190.2,190.19 1 0
job4j_go_share_trip/internal/domain/trip/repository/trip_repository.go:197.24,201.72 2 0
job4j_go_share_trip/internal/domain/trip/repository/trip_repository.go:201.72,204.17 2 0
job4j_go_share_trip/internal/domain/trip/repository/trip_repository.go:204.17,206.4 1 0
job4j_go_share_trip/internal/domain/trip/repository/trip_repository.go:207.3,208.20 2 0
job4j_go_share_trip/internal/domain/trip/repository/trip_repository.go:211.2,211.16 1 0
job4j_go_share_trip/internal/domain/trip/repository/trip_repository.go:211.16,213.3 1 0
job4j_go_share_trip/internal/domain/trip/repository/trip_repository.go:215.2,215.18 1 0
job4j_go_share_trip/internal/domain/trip/repository/trip_repository.go:222.24,249.16 4 0
job4j_go_share_trip/internal/domain/trip/repository/trip_repository.go:249.16,250.36 1 0
job4j_go_share_trip/internal/domain/trip/repository/trip_repository.go:250.36,252.4 1 0
job4j_go_share_trip/internal/domain/trip/repository/trip_repository.go:253.3,255.4 1 0
job4j_go_share_trip/internal/domain/trip/repository/trip_repository.go:258.2,258.18 1 0
job4j_go_share_trip/internal/domain/trip/service/trip_service.go:26.16,31.2 1 0
job4j_go_share_trip/internal/domain/trip/service/trip_service.go:33.76,36.42 2 0
job4j_go_share_trip/internal/domain/trip/service/trip_service.go:36.42,39.6 2 0
job4j_go_share_trip/internal/domain/trip/service/trip_service.go:40.5,40.18 1 0
job4j_go_share_trip/internal/domain/trip/service/trip_service.go:40.18,41.46 1 0
job4j_go_share_trip/internal/domain/trip/service/trip_service.go:41.46,43.10 1 0
job4j_go_share_trip/internal/domain/trip/service/trip_service.go:46.2,46.74 1 0
job4j_go_share_trip/internal/domain/trip/service/trip_service.go:46.74,49.3 2 0
job4j_go_share_trip/internal/domain/trip/service/trip_service.go:51.5,51.106 1 0
job4j_go_share_trip/internal/domain/trip/service/trip_service.go:51.106,53.6 1 0
job4j_go_share_trip/internal/domain/trip/service/trip_service.go:55.5,56.77 2 0
job4j_go_share_trip/internal/domain/trip/service/trip_service.go:56.77,59.6 2 0
job4j_go_share_trip/internal/domain/trip/service/trip_service.go:61.5,61.40 1 0
job4j_go_share_trip/internal/domain/trip/service/trip_service.go:61.40,63.6 1 0
job4j_go_share_trip/internal/domain/trip/service/trip_service.go:65.5,65.15 1 0
job4j_go_share_trip/internal/domain/trip/service/trip_service.go:68.117,71.42 2 0
job4j_go_share_trip/internal/domain/trip/service/trip_service.go:71.42,73.6 1 0
job4j_go_share_trip/internal/domain/trip/service/trip_service.go:74.5,74.18 1 0
job4j_go_share_trip/internal/domain/trip/service/trip_service.go:74.18,75.46 1 0
job4j_go_share_trip/internal/domain/trip/service/trip_service.go:75.46,77.10 1 0
job4j_go_share_trip/internal/domain/trip/service/trip_service.go:80.5,80.77 1 0
job4j_go_share_trip/internal/domain/trip/service/trip_service.go:80.77,82.6 1 0
job4j_go_share_trip/internal/domain/trip/service/trip_service.go:84.5,84.113 1 0
job4j_go_share_trip/internal/domain/trip/service/trip_service.go:84.113,86.6 1 0
job4j_go_share_trip/internal/domain/trip/service/trip_service.go:88.5,89.77 2 0
job4j_go_share_trip/internal/domain/trip/service/trip_service.go:89.77,91.6 1 0
job4j_go_share_trip/internal/domain/trip/service/trip_service.go:93.5,94.19 2 0
job4j_go_share_trip/internal/domain/trip/service/trip_service.go:94.19,96.6 1 0
job4j_go_share_trip/internal/domain/trip/service/trip_service.go:98.5,98.40 1 0
job4j_go_share_trip/internal/domain/trip/service/trip_service.go:98.40,100.6 1 0
job4j_go_share_trip/internal/domain/trip/service/trip_service.go:102.5,102.28 1 0
job4j_go_share_trip/internal/domain/trip/service/trip_service.go:105.96,107.2 1 0
job4j_go_share_trip/internal/domain/trip/service/trip_service.go:112.24,114.2 1 0
job4j_go_share_trip/internal/domain/trip/service/trip_service.go:116.111,118.19 2 0
job4j_go_share_trip/internal/domain/trip/service/trip_service.go:118.19,120.6 1 0
job4j_go_share_trip/internal/domain/trip/service/trip_service.go:122.5,128.11 1 0
