mode: set
job4j_go_share_trip/internal/api/create_trip.go:35.54,44.43 4 1
job4j_go_share_trip/internal/api/create_trip.go:44.43,46.3 1 0
job4j_go_share_trip/internal/api/create_trip.go:48.2,48.39 1 1
job4j_go_share_trip/internal/api/create_trip.go:48.39,50.3 1 0
job4j_go_share_trip/internal/api/create_trip.go:52.2,53.16 2 1
job4j_go_share_trip/internal/api/create_trip.go:53.16,55.3 1 0
job4j_go_share_trip/internal/api/create_trip.go:57.2,58.16 2 1
job4j_go_share_trip/internal/api/create_trip.go:58.16,61.3 2 0
job4j_go_share_trip/internal/api/create_trip.go:63.2,64.16 2 1
job4j_go_share_trip/internal/api/create_trip.go:64.16,67.3 2 0
job4j_go_share_trip/internal/api/create_trip.go:69.2,81.16 5 1
job4j_go_share_trip/internal/api/create_trip.go:81.16,84.3 2 0
job4j_go_share_trip/internal/api/create_trip.go:86.2,102.4 3 1
job4j_go_share_trip/internal/api/create_trip.go:105.46,106.23 1 1
job4j_go_share_trip/internal/api/create_trip.go:106.23,108.3 1 0
job4j_go_share_trip/internal/api/create_trip.go:110.2,110.21 1 1
job4j_go_share_trip/internal/api/create_trip.go:110.21,112.3 1 0
job4j_go_share_trip/internal/api/create_trip.go:114.2,114.27 1 1
job4j_go_share_trip/internal/api/create_trip.go:114.27,116.3 1 0
job4j_go_share_trip/internal/api/create_trip.go:118.2,118.18 1 1
job4j_go_share_trip/internal/api/create_trip.go:118.18,120.3 1 0
job4j_go_share_trip/internal/api/create_trip.go:121.2,121.18 1 1
job4j_go_share_trip/internal/api/create_trip.go:121.18,123.3 1 0
job4j_go_share_trip/internal/api/create_trip.go:125.2,125.12 1 1
job4j_go_share_trip/internal/api/create_trip.go:128.69,132.16 3 1
job4j_go_share_trip/internal/api/create_trip.go:132.16,134.3 1 0
job4j_go_share_trip/internal/api/create_trip.go:136.2,136.38 1 1
job4j_go_share_trip/internal/api/create_trip.go:136.38,138.3 1 0
job4j_go_share_trip/internal/api/create_trip.go:140.2,140.27 1 1
job4j_go_share_trip/internal/api/error_mapper.go:11.36,13.2 1 1
job4j_go_share_trip/internal/api/error_mapper.go:15.63,16.16 1 0
job4j_go_share_trip/internal/api/error_mapper.go:16.16,21.3 1 0
job4j_go_share_trip/internal/api/error_mapper.go:23.2,30.4 3 0
job4j_go_share_trip/internal/api/error_mapper.go:33.73,38.2 1 0
job4j_go_share_trip/internal/api/error_mapper.go:40.84,45.2 1 0
job4j_go_share_trip/internal/api/error_mapper.go:47.66,52.2 1 1
job4j_go_share_trip/internal/api/error_mapper.go:54.66,59.2 1 1
job4j_go_share_trip/internal/api/error_mapper.go:61.67,66.2 1 1
job4j_go_share_trip/internal/api/error_mapper.go:68.87,73.2 1 0
job4j_go_share_trip/internal/api/get_trip.go:15.57,26.16 7 0
job4j_go_share_trip/internal/api/get_trip.go:26.16,28.3 1 0
job4j_go_share_trip/internal/api/get_trip.go:30.2,35.16 3 0
job4j_go_share_trip/internal/api/get_trip.go:35.16,36.49 1 0
job4j_go_share_trip/internal/api/get_trip.go:36.49,38.4 1 0
job4j_go_share_trip/internal/api/get_trip.go:39.3,39.40 1 0
job4j_go_share_trip/internal/api/get_trip.go:42.2,50.4 2 0
job4j_go_share_trip/internal/api/move_trip_draft_to_publish.go:29.66,42.43 7 1
job4j_go_share_trip/internal/api/move_trip_draft_to_publish.go:42.43,44.3 1 0
job4j_go_share_trip/internal/api/move_trip_draft_to_publish.go:46.2,46.39 1 1
job4j_go_share_trip/internal/api/move_trip_draft_to_publish.go:46.39,48.3 1 0
job4j_go_share_trip/internal/api/move_trip_draft_to_publish.go:50.2,55.16 3 1
job4j_go_share_trip/internal/api/move_trip_draft_to_publish.go:55.16,56.49 1 1
job4j_go_share_trip/internal/api/move_trip_draft_to_publish.go:56.49,58.4 1 1
job4j_go_share_trip/internal/api/move_trip_draft_to_publish.go:59.3,59.40 1 0
job4j_go_share_trip/internal/api/move_trip_draft_to_publish.go:62.2,63.16 2 1
job4j_go_share_trip/internal/api/move_trip_draft_to_publish.go:63.16,66.3 2 0
job4j_go_share_trip/internal/api/move_trip_draft_to_publish.go:68.2,69.16 2 1
job4j_go_share_trip/internal/api/move_trip_draft_to_publish.go:69.16,72.3 2 0
job4j_go_share_trip/internal/api/move_trip_draft_to_publish.go:74.2,74.37 1 1
job4j_go_share_trip/internal/api/move_trip_draft_to_publish.go:74.37,82.3 2 1
job4j_go_share_trip/internal/api/move_trip_draft_to_publish.go:84.2,84.55 1 1
job4j_go_share_trip/internal/api/move_trip_draft_to_publish.go:84.55,86.3 1 1
job4j_go_share_trip/internal/api/move_trip_draft_to_publish.go:88.5,88.54 1 1
job4j_go_share_trip/internal/api/move_trip_draft_to_publish.go:88.54,92.6 1 1
job4j_go_share_trip/internal/api/move_trip_draft_to_publish.go:94.2,102.16 3 1
job4j_go_share_trip/internal/api/move_trip_draft_to_publish.go:102.16,105.3 2 0
job4j_go_share_trip/internal/api/move_trip_draft_to_publish.go:107.2,120.4 3 1
job4j_go_share_trip/internal/api/move_trip_draft_to_publish.go:123.63,124.26 1 1
job4j_go_share_trip/internal/api/move_trip_draft_to_publish.go:124.26,126.3 1 0
job4j_go_share_trip/internal/api/move_trip_draft_to_publish.go:128.2,128.48 1 1
job4j_go_share_trip/internal/api/move_trip_draft_to_publish.go:128.48,130.3 1 0
job4j_go_share_trip/internal/api/move_trip_draft_to_publish.go:132.2,132.12 1 1
job4j_go_share_trip/internal/api/move_trip_from_publish_to_started.go:30.72,43.43 7 1
job4j_go_share_trip/internal/api/move_trip_from_publish_to_started.go:43.43,45.3 1 0
job4j_go_share_trip/internal/api/move_trip_from_publish_to_started.go:47.2,47.66 1 1
job4j_go_share_trip/internal/api/move_trip_from_publish_to_started.go:47.66,49.3 1 0
job4j_go_share_trip/internal/api/move_trip_from_publish_to_started.go:51.2,52.16 2 1
job4j_go_share_trip/internal/api/move_trip_from_publish_to_started.go:52.16,55.3 2 0
job4j_go_share_trip/internal/api/move_trip_from_publish_to_started.go:57.2,58.16 2 1
job4j_go_share_trip/internal/api/move_trip_from_publish_to_started.go:58.16,61.3 2 0
job4j_go_share_trip/internal/api/move_trip_from_publish_to_started.go:63.2,68.16 3 1
job4j_go_share_trip/internal/api/move_trip_from_publish_to_started.go:68.16,69.49 1 1
job4j_go_share_trip/internal/api/move_trip_from_publish_to_started.go:69.49,71.4 1 1
job4j_go_share_trip/internal/api/move_trip_from_publish_to_started.go:72.3,72.40 1 0
job4j_go_share_trip/internal/api/move_trip_from_publish_to_started.go:76.2,76.37 1 1
job4j_go_share_trip/internal/api/move_trip_from_publish_to_started.go:76.37,84.3 2 1
job4j_go_share_trip/internal/api/move_trip_from_publish_to_started.go:87.2,87.53 1 1
job4j_go_share_trip/internal/api/move_trip_from_publish_to_started.go:87.53,94.3 1 1
job4j_go_share_trip/internal/api/move_trip_from_publish_to_started.go:97.2,97.55 1 1
job4j_go_share_trip/internal/api/move_trip_from_publish_to_started.go:97.55,101.3 1 1
job4j_go_share_trip/internal/api/move_trip_from_publish_to_started.go:103.2,111.16 3 1
job4j_go_share_trip/internal/api/move_trip_from_publish_to_started.go:111.16,114.3 2 0
job4j_go_share_trip/internal/api/move_trip_from_publish_to_started.go:116.2,129.4 3 1
job4j_go_share_trip/internal/api/move_trip_from_publish_to_started.go:132.90,133.28 1 1
job4j_go_share_trip/internal/api/move_trip_from_publish_to_started.go:133.28,135.3 1 0
job4j_go_share_trip/internal/api/move_trip_from_publish_to_started.go:137.2,137.50 1 1
job4j_go_share_trip/internal/api/move_trip_from_publish_to_started.go:137.50,139.3 1 0
job4j_go_share_trip/internal/api/move_trip_from_publish_to_started.go:141.2,141.12 1 1
job4j_go_share_trip/internal/api/ready.go:12.44,17.2 1 0
job4j_go_share_trip/internal/api/route.go:9.44,36.2 7 1
job4j_go_share_trip/internal/api/server.go:20.99,38.2 3 1
job4j_go_share_trip/internal/api/trip_handler.go:12.68,17.2 1 1
job4j_go_share_trip/internal/api/errors/trip_errors.go:39.40,40.9 1 0
job4j_go_share_trip/internal/api/errors/trip_errors.go:41.44,42.34 1 0
job4j_go_share_trip/internal/api/errors/trip_errors.go:43.42,44.32 1 0
job4j_go_share_trip/internal/api/errors/trip_errors.go:45.48,46.38 1 0
job4j_go_share_trip/internal/api/errors/trip_errors.go:47.44,48.55 1 0
job4j_go_share_trip/internal/api/errors/trip_errors.go:49.44,50.48 1 0
job4j_go_share_trip/internal/api/errors/trip_errors.go:51.39,52.40 1 0
job4j_go_share_trip/internal/api/errors/trip_errors.go:53.39,54.34 1 0
job4j_go_share_trip/internal/api/errors/trip_errors.go:55.41,56.31 1 0
job4j_go_share_trip/internal/api/errors/trip_errors.go:57.40,58.40 1 0
job4j_go_share_trip/internal/api/errors/trip_errors.go:59.43,60.33 1 0
job4j_go_share_trip/internal/api/errors/trip_errors.go:61.39,62.26 1 0
job4j_go_share_trip/internal/api/errors/trip_errors.go:63.50,64.37 1 0
job4j_go_share_trip/internal/api/errors/trip_errors.go:65.40,66.26 1 0
job4j_go_share_trip/internal/api/errors/trip_errors.go:67.40,68.26 1 0
job4j_go_share_trip/internal/api/errors/trip_errors.go:69.47,70.34 1 0
job4j_go_share_trip/internal/api/errors/trip_errors.go:71.39,72.39 1 0
job4j_go_share_trip/internal/api/errors/trip_errors.go:73.43,74.43 1 0
job4j_go_share_trip/internal/api/errors/trip_errors.go:75.41,76.47 1 0
job4j_go_share_trip/internal/api/errors/trip_errors.go:77.10,78.33 1 0
job4j_go_share_trip/internal/api/errors/trip_errors.go:82.35,83.9 1 0
job4j_go_share_trip/internal/api/errors/trip_errors.go:84.39,85.13 1 0
job4j_go_share_trip/internal/api/errors/trip_errors.go:91.39,92.13 1 0
job4j_go_share_trip/internal/api/errors/trip_errors.go:102.39,103.13 1 0
job4j_go_share_trip/internal/api/errors/trip_errors.go:104.41,105.13 1 0
job4j_go_share_trip/internal/api/errors/trip_errors.go:106.10,107.13 1 0
job4j_go_share_trip/internal/business/trip/domain/create_trip.go:37.102,54.16 5 1
job4j_go_share_trip/internal/business/trip/domain/create_trip.go:54.16,57.3 2 0
job4j_go_share_trip/internal/business/trip/domain/create_trip.go:59.2,59.85 1 1
job4j_go_share_trip/internal/business/trip/domain/create_trip.go:59.85,60.66 1 1
job4j_go_share_trip/internal/business/trip/domain/create_trip.go:60.66,63.4 2 0
job4j_go_share_trip/internal/business/trip/domain/create_trip.go:65.3,65.95 1 1
job4j_go_share_trip/internal/business/trip/domain/create_trip.go:65.95,68.4 2 0
job4j_go_share_trip/internal/business/trip/domain/create_trip.go:70.3,71.17 2 1
job4j_go_share_trip/internal/business/trip/domain/create_trip.go:71.17,73.4 1 0
job4j_go_share_trip/internal/business/trip/domain/create_trip.go:75.3,83.67 2 1
job4j_go_share_trip/internal/business/trip/domain/create_trip.go:83.67,89.4 5 0
job4j_go_share_trip/internal/business/trip/domain/create_trip.go:91.3,91.13 1 1
job4j_go_share_trip/internal/business/trip/domain/create_trip.go:94.2,94.16 1 1
job4j_go_share_trip/internal/business/trip/domain/create_trip.go:94.16,97.3 2 0
job4j_go_share_trip/internal/business/trip/domain/create_trip.go:99.2,110.8 2 1
job4j_go_share_trip/internal/business/trip/domain/domain.go:19.15,25.2 1 1
job4j_go_share_trip/internal/business/trip/domain/get_trip.go:25.105,27.16 2 1
job4j_go_share_trip/internal/business/trip/domain/get_trip.go:27.16,29.3 1 1
job4j_go_share_trip/internal/business/trip/domain/get_trip.go:31.2,40.8 1 1
job4j_go_share_trip/internal/business/trip/domain/move_trip_draft_to_publish.go:38.142,49.49 4 1
job4j_go_share_trip/internal/business/trip/domain/move_trip_draft_to_publish.go:49.49,51.3 1 0
job4j_go_share_trip/internal/business/trip/domain/move_trip_draft_to_publish.go:53.2,53.53 1 1
job4j_go_share_trip/internal/business/trip/domain/move_trip_draft_to_publish.go:53.53,55.3 1 0
job4j_go_share_trip/internal/business/trip/domain/move_trip_draft_to_publish.go:57.2,57.95 1 1
job4j_go_share_trip/internal/business/trip/domain/move_trip_draft_to_publish.go:57.95,59.17 2 1
job4j_go_share_trip/internal/business/trip/domain/move_trip_draft_to_publish.go:59.17,62.4 2 0
job4j_go_share_trip/internal/business/trip/domain/move_trip_draft_to_publish.go:64.3,64.36 1 1
job4j_go_share_trip/internal/business/trip/domain/move_trip_draft_to_publish.go:64.36,66.4 1 0
job4j_go_share_trip/internal/business/trip/domain/move_trip_draft_to_publish.go:68.3,68.44 1 1
job4j_go_share_trip/internal/business/trip/domain/move_trip_draft_to_publish.go:68.44,71.4 2 0
job4j_go_share_trip/internal/business/trip/domain/move_trip_draft_to_publish.go:73.3,73.40 1 1
job4j_go_share_trip/internal/business/trip/domain/move_trip_draft_to_publish.go:73.40,75.4 1 0
job4j_go_share_trip/internal/business/trip/domain/move_trip_draft_to_publish.go:77.3,80.67 3 1
job4j_go_share_trip/internal/business/trip/domain/move_trip_draft_to_publish.go:80.67,83.4 2 0
job4j_go_share_trip/internal/business/trip/domain/move_trip_draft_to_publish.go:85.3,85.102 1 1
job4j_go_share_trip/internal/business/trip/domain/move_trip_draft_to_publish.go:85.102,88.4 2 0
job4j_go_share_trip/internal/business/trip/domain/move_trip_draft_to_publish.go:90.3,91.17 2 1
job4j_go_share_trip/internal/business/trip/domain/move_trip_draft_to_publish.go:91.17,93.4 1 0
job4j_go_share_trip/internal/business/trip/domain/move_trip_draft_to_publish.go:95.3,103.67 2 1
job4j_go_share_trip/internal/business/trip/domain/move_trip_draft_to_publish.go:103.67,109.4 5 0
job4j_go_share_trip/internal/business/trip/domain/move_trip_draft_to_publish.go:111.3,111.20 1 1
job4j_go_share_trip/internal/business/trip/domain/move_trip_draft_to_publish.go:114.2,114.16 1 1
job4j_go_share_trip/internal/business/trip/domain/move_trip_draft_to_publish.go:114.16,117.3 2 0
job4j_go_share_trip/internal/business/trip/domain/move_trip_draft_to_publish.go:119.2,130.8 2 1
job4j_go_share_trip/internal/business/trip/domain/move_trip_from_publish_to_started.go:37.148,48.53 4 1
job4j_go_share_trip/internal/business/trip/domain/move_trip_from_publish_to_started.go:48.53,50.3 1 0
job4j_go_share_trip/internal/business/trip/domain/move_trip_from_publish_to_started.go:52.2,52.51 1 1
job4j_go_share_trip/internal/business/trip/domain/move_trip_from_publish_to_started.go:52.51,54.3 1 0
job4j_go_share_trip/internal/business/trip/domain/move_trip_from_publish_to_started.go:56.2,56.95 1 1
job4j_go_share_trip/internal/business/trip/domain/move_trip_from_publish_to_started.go:56.95,58.17 2 1
job4j_go_share_trip/internal/business/trip/domain/move_trip_from_publish_to_started.go:58.17,61.4 2 0
job4j_go_share_trip/internal/business/trip/domain/move_trip_from_publish_to_started.go:63.3,63.43 1 1
job4j_go_share_trip/internal/business/trip/domain/move_trip_from_publish_to_started.go:63.43,65.4 1 0
job4j_go_share_trip/internal/business/trip/domain/move_trip_from_publish_to_started.go:67.3,67.36 1 1
job4j_go_share_trip/internal/business/trip/domain/move_trip_from_publish_to_started.go:67.36,69.4 1 0
job4j_go_share_trip/internal/business/trip/domain/move_trip_from_publish_to_started.go:71.3,74.67 3 1
job4j_go_share_trip/internal/business/trip/domain/move_trip_from_publish_to_started.go:74.67,77.4 2 0
job4j_go_share_trip/internal/business/trip/domain/move_trip_from_publish_to_started.go:79.3,79.102 1 1
job4j_go_share_trip/internal/business/trip/domain/move_trip_from_publish_to_started.go:79.102,82.4 2 0
job4j_go_share_trip/internal/business/trip/domain/move_trip_from_publish_to_started.go:84.3,85.17 2 1
job4j_go_share_trip/internal/business/trip/domain/move_trip_from_publish_to_started.go:85.17,87.4 1 0
job4j_go_share_trip/internal/business/trip/domain/move_trip_from_publish_to_started.go:89.3,97.67 2 1
job4j_go_share_trip/internal/business/trip/domain/move_trip_from_publish_to_started.go:97.67,103.4 5 0
job4j_go_share_trip/internal/business/trip/domain/move_trip_from_publish_to_started.go:105.3,105.20 1 1
job4j_go_share_trip/internal/business/trip/domain/move_trip_from_publish_to_started.go:108.2,108.16 1 1
job4j_go_share_trip/internal/business/trip/domain/move_trip_from_publish_to_started.go:108.16,111.3 2 0
job4j_go_share_trip/internal/business/trip/domain/move_trip_from_publish_to_started.go:113.2,124.8 2 1
job4j_go_share_trip/internal/business/trip/entity/trip.go:37.18,38.26 1 1
job4j_go_share_trip/internal/business/trip/entity/trip.go:38.26,40.3 1 0
job4j_go_share_trip/internal/business/trip/entity/trip.go:41.2,41.21 1 1
job4j_go_share_trip/internal/business/trip/entity/trip.go:41.21,43.3 1 0
job4j_go_share_trip/internal/business/trip/entity/trip.go:44.2,44.19 1 1
job4j_go_share_trip/internal/business/trip/entity/trip.go:44.19,46.3 1 0
job4j_go_share_trip/internal/business/trip/entity/trip.go:47.2,47.28 1 1
job4j_go_share_trip/internal/business/trip/entity/trip.go:47.28,49.3 1 0
job4j_go_share_trip/internal/business/trip/entity/trip.go:50.2,50.16 1 1
job4j_go_share_trip/internal/business/trip/entity/trip.go:50.16,52.3 1 0
job4j_go_share_trip/internal/business/trip/entity/trip.go:54.2,63.8 1 1
job4j_go_share_trip/internal/business/trip/repository/create_trip.go:13.79,15.2 1 1
job4j_go_share_trip/internal/business/trip/repository/create_trip.go:17.93,21.15 3 1
job4j_go_share_trip/internal/business/trip/repository/create_trip.go:21.15,25.3 2 1
job4j_go_share_trip/internal/business/trip/repository/create_trip.go:27.2,61.16 5 1
job4j_go_share_trip/internal/business/trip/repository/create_trip.go:61.16,64.3 2 0
job4j_go_share_trip/internal/business/trip/repository/create_trip.go:66.2,67.12 2 1
job4j_go_share_trip/internal/business/trip/repository/get_trip.go:17.99,47.16 7 1
job4j_go_share_trip/internal/business/trip/repository/get_trip.go:47.16,48.36 1 1
job4j_go_share_trip/internal/business/trip/repository/get_trip.go:48.36,50.4 1 1
job4j_go_share_trip/internal/business/trip/repository/get_trip.go:51.3,51.62 1 0
job4j_go_share_trip/internal/business/trip/repository/get_trip.go:54.2,54.19 1 1
job4j_go_share_trip/internal/business/trip/repository/get_trip.go:61.24,89.16 4 1
job4j_go_share_trip/internal/business/trip/repository/get_trip.go:89.16,90.36 1 0
job4j_go_share_trip/internal/business/trip/repository/get_trip.go:90.36,92.4 1 0
job4j_go_share_trip/internal/business/trip/repository/get_trip.go:93.3,93.83 1 0
job4j_go_share_trip/internal/business/trip/repository/get_trip.go:96.2,96.18 1 1
job4j_go_share_trip/internal/business/trip/repository/repository.go:26.88,31.2 1 1
job4j_go_share_trip/internal/business/trip/repository/repository.go:33.48,35.2 1 1
job4j_go_share_trip/internal/business/trip/repository/trip_history.go:23.9,31.24 2 1
job4j_go_share_trip/internal/business/trip/repository/trip_history.go:31.24,33.3 1 0
job4j_go_share_trip/internal/business/trip/repository/trip_history.go:34.2,34.21 1 1
job4j_go_share_trip/internal/business/trip/repository/trip_history.go:34.21,36.3 1 0
job4j_go_share_trip/internal/business/trip/repository/trip_history.go:38.2,39.23 2 1
job4j_go_share_trip/internal/business/trip/repository/trip_history.go:39.23,41.3 1 1
job4j_go_share_trip/internal/business/trip/repository/trip_history.go:42.2,68.44 12 1
job4j_go_share_trip/internal/business/trip/repository/trip_history.go:68.44,71.3 2 1
job4j_go_share_trip/internal/business/trip/repository/trip_history.go:73.2,74.22 2 1
job4j_go_share_trip/internal/business/trip/repository/trip_history.go:74.22,76.3 1 1
job4j_go_share_trip/internal/business/trip/repository/trip_history.go:78.2,86.16 7 1
job4j_go_share_trip/internal/business/trip/repository/trip_history.go:86.16,89.3 2 0
job4j_go_share_trip/internal/business/trip/repository/trip_history.go:91.2,92.12 2 1
job4j_go_share_trip/internal/business/trip/repository/update_trip.go:15.79,17.2 1 1
job4j_go_share_trip/internal/business/trip/repository/update_trip.go:19.93,27.15 6 1
job4j_go_share_trip/internal/business/trip/repository/update_trip.go:27.15,31.3 2 1
job4j_go_share_trip/internal/business/trip/repository/update_trip.go:33.2,51.16 5 1
job4j_go_share_trip/internal/business/trip/repository/update_trip.go:51.16,54.3 2 0
job4j_go_share_trip/internal/business/trip/repository/update_trip.go:56.2,57.12 2 1
job4j_go_share_trip/internal/business/trip/service/create_trip.go:33.103,54.16 7 1
job4j_go_share_trip/internal/business/trip/service/create_trip.go:54.16,60.3 5 0
job4j_go_share_trip/internal/business/trip/service/create_trip.go:62.2,76.8 4 1
job4j_go_share_trip/internal/business/trip/service/get_trip.go:27.106,36.16 5 1
job4j_go_share_trip/internal/business/trip/service/get_trip.go:36.16,38.3 1 1
job4j_go_share_trip/internal/business/trip/service/get_trip.go:40.2,49.8 1 1
job4j_go_share_trip/internal/business/trip/service/move_trip_draft_to_publish.go:33.143,40.15 5 1
job4j_go_share_trip/internal/business/trip/service/move_trip_draft_to_publish.go:40.15,44.3 2 1
job4j_go_share_trip/internal/business/trip/service/move_trip_draft_to_publish.go:46.2,63.19 5 1
job4j_go_share_trip/internal/business/trip/service/move_trip_draft_to_publish.go:63.19,67.6 3 0
job4j_go_share_trip/internal/business/trip/service/move_trip_draft_to_publish.go:69.2,80.11 2 1
job4j_go_share_trip/internal/business/trip/service/move_trip_from_publish_to_started.go:33.149,40.15 5 1
job4j_go_share_trip/internal/business/trip/service/move_trip_from_publish_to_started.go:40.15,44.3 2 1
job4j_go_share_trip/internal/business/trip/service/move_trip_from_publish_to_started.go:46.2,63.16 5 1
job4j_go_share_trip/internal/business/trip/service/move_trip_from_publish_to_started.go:63.16,67.3 3 0
job4j_go_share_trip/internal/business/trip/service/move_trip_from_publish_to_started.go:69.2,80.8 2 1
job4j_go_share_trip/internal/business/trip/service/service.go:22.16,29.2 1 1
job4j_go_share_trip/internal/middleware/http_metrics_middleware.go:12.65,13.34 1 0
job4j_go_share_trip/internal/middleware/http_metrics_middleware.go:13.34,21.17 5 0
job4j_go_share_trip/internal/middleware/http_metrics_middleware.go:21.17,23.4 1 0
job4j_go_share_trip/internal/middleware/http_metrics_middleware.go:25.3,37.13 3 0
job4j_go_share_trip/internal/middleware/keycloak.go:50.35,51.22 1 0
job4j_go_share_trip/internal/middleware/keycloak.go:51.22,53.3 1 0
job4j_go_share_trip/internal/middleware/keycloak.go:54.2,54.24 1 0
job4j_go_share_trip/internal/middleware/keycloak.go:54.24,56.3 1 0
job4j_go_share_trip/internal/middleware/keycloak.go:58.2,63.28 5 0
job4j_go_share_trip/internal/middleware/keycloak.go:63.28,65.3 1 0
job4j_go_share_trip/internal/middleware/keycloak.go:67.2,75.16 3 0
job4j_go_share_trip/internal/middleware/keycloak.go:75.16,77.3 1 0
job4j_go_share_trip/internal/middleware/keycloak.go:79.2,83.16 3 0
job4j_go_share_trip/internal/middleware/keycloak.go:83.16,85.3 1 0
job4j_go_share_trip/internal/middleware/keycloak.go:87.2,87.15 1 0
job4j_go_share_trip/internal/middleware/keycloak.go:87.15,89.6 1 0
job4j_go_share_trip/internal/middleware/keycloak.go:91.2,91.38 1 0
job4j_go_share_trip/internal/middleware/keycloak.go:91.38,94.3 2 0
job4j_go_share_trip/internal/middleware/keycloak.go:96.2,98.66 2 0
job4j_go_share_trip/internal/middleware/keycloak.go:98.66,100.3 1 0
job4j_go_share_trip/internal/middleware/keycloak.go:102.2,102.29 1 0
job4j_go_share_trip/internal/middleware/keycloak.go:102.29,104.3 1 0
job4j_go_share_trip/internal/middleware/keycloak.go:106.2,106.20 1 0
job4j_go_share_trip/internal/middleware/keycloak.go:109.74,111.21 2 0
job4j_go_share_trip/internal/middleware/keycloak.go:111.21,113.3 1 0
job4j_go_share_trip/internal/middleware/keycloak.go:115.2,116.16 2 0
job4j_go_share_trip/internal/middleware/keycloak.go:116.16,118.3 1 0
job4j_go_share_trip/internal/middleware/keycloak.go:120.2,121.57 2 0
job4j_go_share_trip/internal/middleware/keycloak.go:121.57,123.3 1 0
job4j_go_share_trip/internal/middleware/keycloak.go:125.2,125.26 1 0
job4j_go_share_trip/internal/middleware/keycloak.go:125.26,127.3 1 0
job4j_go_share_trip/internal/middleware/keycloak.go:129.2,129.21 1 0
job4j_go_share_trip/internal/middleware/keycloak.go:132.74,134.9 2 0
job4j_go_share_trip/internal/middleware/keycloak.go:134.9,136.3 1 0
job4j_go_share_trip/internal/middleware/keycloak.go:138.2,138.39 1 0
job4j_go_share_trip/internal/middleware/keycloak.go:138.39,139.22 1 0
job4j_go_share_trip/internal/middleware/keycloak.go:139.22,141.4 1 0
job4j_go_share_trip/internal/middleware/keycloak.go:144.2,144.14 1 0
job4j_go_share_trip/internal/middleware/keycloak.go:147.68,148.34 1 0
job4j_go_share_trip/internal/middleware/keycloak.go:148.34,151.17 2 0
job4j_go_share_trip/internal/middleware/keycloak.go:151.17,153.4 1 0
job4j_go_share_trip/internal/middleware/keycloak.go:155.3,155.44 1 0
job4j_go_share_trip/internal/middleware/keycloak.go:155.44,157.4 1 0
job4j_go_share_trip/internal/middleware/keycloak.go:159.3,159.18 1 0
job4j_go_share_trip/internal/middleware/keycloak.go:163.71,165.19 2 0
job4j_go_share_trip/internal/middleware/keycloak.go:165.19,167.3 1 0
job4j_go_share_trip/internal/middleware/keycloak.go:169.2,169.34 1 0
job4j_go_share_trip/internal/middleware/keycloak.go:169.34,171.25 2 0
job4j_go_share_trip/internal/middleware/keycloak.go:171.25,173.4 1 0
job4j_go_share_trip/internal/middleware/keycloak.go:175.3,177.17 2 0
job4j_go_share_trip/internal/middleware/keycloak.go:177.17,179.4 1 0
job4j_go_share_trip/internal/middleware/keycloak.go:181.3,183.17 2 0
job4j_go_share_trip/internal/middleware/keycloak.go:183.17,185.4 1 0
job4j_go_share_trip/internal/middleware/keycloak.go:187.3,189.18 2 0
job4j_go_share_trip/internal/middleware/keycloak.go:193.63,197.9 3 1
job4j_go_share_trip/internal/middleware/keycloak.go:197.9,199.3 1 0
job4j_go_share_trip/internal/middleware/keycloak.go:201.2,201.20 1 1
job4j_go_share_trip/internal/middleware/logger_middleware.go:16.57,17.34 1 0
job4j_go_share_trip/internal/middleware/logger_middleware.go:17.34,19.22 2 0
job4j_go_share_trip/internal/middleware/logger_middleware.go:19.22,21.4 1 0
job4j_go_share_trip/internal/middleware/logger_middleware.go:23.3,32.17 4 0
job4j_go_share_trip/internal/middleware/logger_middleware.go:32.17,34.4 1 0
job4j_go_share_trip/internal/middleware/logger_middleware.go:35.3,41.18 5 0
job4j_go_share_trip/internal/observability/logctx/logger_context.go:11.75,12.36 1 1
job4j_go_share_trip/internal/observability/logctx/logger_context.go:12.36,14.6 1 0
job4j_go_share_trip/internal/observability/logctx/logger_context.go:15.5,15.55 1 1
job4j_go_share_trip/internal/observability/logctx/logger_context.go:18.47,19.16 1 1
job4j_go_share_trip/internal/observability/logctx/logger_context.go:19.16,21.3 1 0
job4j_go_share_trip/internal/observability/logctx/logger_context.go:23.2,24.26 2 1
job4j_go_share_trip/internal/observability/logctx/logger_context.go:24.26,26.3 1 1
job4j_go_share_trip/internal/observability/logctx/logger_context.go:27.2,27.15 1 1
job4j_go_share_trip/internal/observability/logctx/logger_context.go:30.75,31.19 1 0
job4j_go_share_trip/internal/observability/logctx/logger_context.go:31.19,33.6 1 0
job4j_go_share_trip/internal/observability/logctx/logger_context.go:34.5,34.61 1 0
job4j_go_share_trip/internal/observability/logctx/logger_context.go:37.44,38.16 1 0
job4j_go_share_trip/internal/observability/logctx/logger_context.go:38.16,40.3 1 0
job4j_go_share_trip/internal/observability/logctx/logger_context.go:41.2,42.9 2 0
job4j_go_share_trip/internal/observability/logctx/logger_context.go:42.9,44.3 1 0
job4j_go_share_trip/internal/observability/logctx/logger_context.go:45.2,45.14 1 0
job4j_go_share_trip/internal/observability/metrics/metrics.go:22.46,120.2 3 1
job4j_go_share_trip/internal/shared/outbox/event_repository.go:22.86,27.2 1 1
job4j_go_share_trip/internal/shared/outbox/event_repository.go:29.73,31.2 1 0
job4j_go_share_trip/internal/shared/outbox/event_repository.go:33.87,37.15 3 1
job4j_go_share_trip/internal/shared/outbox/event_repository.go:37.15,47.3 2 1
job4j_go_share_trip/internal/shared/outbox/event_repository.go:49.2,69.12 3 1
job4j_go_share_trip/internal/storage/db.go:20.30,22.15 2 0
job4j_go_share_trip/internal/storage/db.go:22.15,24.3 1 0
job4j_go_share_trip/internal/storage/db.go:25.2,28.3 1 0
job4j_go_share_trip/internal/storage/db.go:31.70,33.16 2 0
job4j_go_share_trip/internal/storage/db.go:33.16,35.3 1 0
job4j_go_share_trip/internal/storage/db.go:37.2,43.16 6 0
job4j_go_share_trip/internal/storage/db.go:43.16,45.3 1 0
job4j_go_share_trip/internal/storage/db.go:47.2,50.43 3 0
job4j_go_share_trip/internal/storage/db.go:50.43,53.3 2 0
job4j_go_share_trip/internal/storage/db.go:55.2,55.18 1 0
job4j_go_share_trip/internal/storage/transaction.go:16.15,18.16 2 1
job4j_go_share_trip/internal/storage/transaction.go:18.16,20.3 1 0
job4j_go_share_trip/internal/storage/transaction.go:22.2,22.15 1 1
job4j_go_share_trip/internal/storage/transaction.go:22.15,23.17 1 1
job4j_go_share_trip/internal/storage/transaction.go:23.17,24.64 1 0
job4j_go_share_trip/internal/storage/transaction.go:24.64,26.5 1 0
job4j_go_share_trip/internal/storage/transaction.go:30.2,31.16 2 1
job4j_go_share_trip/internal/storage/transaction.go:31.16,33.3 1 0
job4j_go_share_trip/internal/storage/transaction.go:35.2,35.43 1 1
job4j_go_share_trip/internal/storage/transaction.go:35.43,37.3 1 0
job4j_go_share_trip/internal/storage/transaction.go:39.2,39.17 1 1
job4j_go_share_trip/internal/storage/transaction.go:46.9,48.16 2 1
job4j_go_share_trip/internal/storage/transaction.go:48.16,50.3 1 0
job4j_go_share_trip/internal/storage/transaction.go:52.2,52.15 1 1
job4j_go_share_trip/internal/storage/transaction.go:52.15,53.17 1 1
job4j_go_share_trip/internal/storage/transaction.go:53.17,54.59 1 0
job4j_go_share_trip/internal/storage/transaction.go:54.59,56.5 1 0
job4j_go_share_trip/internal/storage/transaction.go:60.2,60.33 1 1
job4j_go_share_trip/internal/storage/transaction.go:60.33,62.3 1 0
job4j_go_share_trip/internal/storage/transaction.go:64.2,64.38 1 1
job4j_go_share_trip/internal/storage/transaction.go:64.38,66.3 1 0
job4j_go_share_trip/internal/storage/transaction.go:68.2,68.12 1 1
job4j_go_share_trip/internal/test_utils/token.go:21.63,29.2 1 1
job4j_go_share_trip/internal/test_utils/token.go:32.65,33.25 1 1
job4j_go_share_trip/internal/test_utils/token.go:33.25,35.3 1 0
job4j_go_share_trip/internal/test_utils/token.go:36.2,36.23 1 1
job4j_go_share_trip/internal/test_utils/token.go:36.23,38.3 1 0
job4j_go_share_trip/internal/test_utils/token.go:40.2,62.47 5 1
job4j_go_share_trip/internal/test_utils/token.go:66.64,73.2 1 0
job4j_go_share_trip/internal/validators/uuid.go:7.33,9.19 2 1
job4j_go_share_trip/internal/validators/uuid.go:9.19,11.6 1 0
job4j_go_share_trip/internal/validators/uuid.go:13.5,13.26 1 1
job4j_go_share_trip/internal/business/trip/repository/create_trip.go:13.79,15.2 1 0
job4j_go_share_trip/internal/business/trip/repository/create_trip.go:17.93,21.15 3 0
job4j_go_share_trip/internal/business/trip/repository/create_trip.go:21.15,25.3 2 0
job4j_go_share_trip/internal/business/trip/repository/create_trip.go:27.2,61.16 5 0
job4j_go_share_trip/internal/business/trip/repository/create_trip.go:61.16,64.3 2 0
job4j_go_share_trip/internal/business/trip/repository/create_trip.go:66.2,67.12 2 0
job4j_go_share_trip/internal/business/trip/repository/get_trip.go:17.99,47.16 7 0
job4j_go_share_trip/internal/business/trip/repository/get_trip.go:47.16,48.36 1 0
job4j_go_share_trip/internal/business/trip/repository/get_trip.go:48.36,50.4 1 0
job4j_go_share_trip/internal/business/trip/repository/get_trip.go:51.3,51.62 1 0
job4j_go_share_trip/internal/business/trip/repository/get_trip.go:54.2,54.19 1 0
job4j_go_share_trip/internal/business/trip/repository/get_trip.go:61.24,89.16 4 0
job4j_go_share_trip/internal/business/trip/repository/get_trip.go:89.16,90.36 1 0
job4j_go_share_trip/internal/business/trip/repository/get_trip.go:90.36,92.4 1 0
job4j_go_share_trip/internal/business/trip/repository/get_trip.go:93.3,93.83 1 0
job4j_go_share_trip/internal/business/trip/repository/get_trip.go:96.2,96.18 1 0
job4j_go_share_trip/internal/business/trip/repository/repository.go:26.88,31.2 1 0
job4j_go_share_trip/internal/business/trip/repository/repository.go:33.48,35.2 1 0
job4j_go_share_trip/internal/business/trip/repository/trip_history.go:23.9,31.24 2 0
job4j_go_share_trip/internal/business/trip/repository/trip_history.go:31.24,33.3 1 0
job4j_go_share_trip/internal/business/trip/repository/trip_history.go:34.2,34.21 1 0
job4j_go_share_trip/internal/business/trip/repository/trip_history.go:34.21,36.3 1 0
job4j_go_share_trip/internal/business/trip/repository/trip_history.go:38.2,39.23 2 0
job4j_go_share_trip/internal/business/trip/repository/trip_history.go:39.23,41.3 1 0
job4j_go_share_trip/internal/business/trip/repository/trip_history.go:42.2,68.44 12 0
job4j_go_share_trip/internal/business/trip/repository/trip_history.go:68.44,71.3 2 0
job4j_go_share_trip/internal/business/trip/repository/trip_history.go:73.2,74.22 2 0
job4j_go_share_trip/internal/business/trip/repository/trip_history.go:74.22,76.3 1 0
job4j_go_share_trip/internal/business/trip/repository/trip_history.go:78.2,86.16 7 0
job4j_go_share_trip/internal/business/trip/repository/trip_history.go:86.16,89.3 2 0
job4j_go_share_trip/internal/business/trip/repository/trip_history.go:91.2,92.12 2 0
job4j_go_share_trip/internal/business/trip/repository/update_trip.go:15.79,17.2 1 0
job4j_go_share_trip/internal/business/trip/repository/update_trip.go:19.93,27.15 6 0
job4j_go_share_trip/internal/business/trip/repository/update_trip.go:27.15,31.3 2 0
job4j_go_share_trip/internal/business/trip/repository/update_trip.go:33.2,51.16 5 0
job4j_go_share_trip/internal/business/trip/repository/update_trip.go:51.16,54.3 2 0
job4j_go_share_trip/internal/business/trip/repository/update_trip.go:56.2,57.12 2 0
job4j_go_share_trip/internal/business/trip/domain/create_trip.go:37.102,54.16 5 0
job4j_go_share_trip/internal/business/trip/domain/create_trip.go:54.16,57.3 2 0
job4j_go_share_trip/internal/business/trip/domain/create_trip.go:59.2,59.85 1 0
job4j_go_share_trip/internal/business/trip/domain/create_trip.go:59.85,60.66 1 0
job4j_go_share_trip/internal/business/trip/domain/create_trip.go:60.66,63.4 2 0
job4j_go_share_trip/internal/business/trip/domain/create_trip.go:65.3,65.95 1 0
job4j_go_share_trip/internal/business/trip/domain/create_trip.go:65.95,68.4 2 0
job4j_go_share_trip/internal/business/trip/domain/create_trip.go:70.3,71.17 2 0
job4j_go_share_trip/internal/business/trip/domain/create_trip.go:71.17,73.4 1 0
job4j_go_share_trip/internal/business/trip/domain/create_trip.go:75.3,83.67 2 0
job4j_go_share_trip/internal/business/trip/domain/create_trip.go:83.67,89.4 5 0
job4j_go_share_trip/internal/business/trip/domain/create_trip.go:91.3,91.13 1 0
job4j_go_share_trip/internal/business/trip/domain/create_trip.go:94.2,94.16 1 0
job4j_go_share_trip/internal/business/trip/domain/create_trip.go:94.16,97.3 2 0
job4j_go_share_trip/internal/business/trip/domain/create_trip.go:99.2,110.8 2 0
job4j_go_share_trip/internal/business/trip/domain/domain.go:19.15,25.2 1 0
job4j_go_share_trip/internal/business/trip/domain/get_trip.go:25.105,27.16 2 0
job4j_go_share_trip/internal/business/trip/domain/get_trip.go:27.16,29.3 1 0
job4j_go_share_trip/internal/business/trip/domain/get_trip.go:31.2,40.8 1 0
job4j_go_share_trip/internal/business/trip/domain/move_trip_draft_to_publish.go:38.142,49.49 4 0
job4j_go_share_trip/internal/business/trip/domain/move_trip_draft_to_publish.go:49.49,51.3 1 0
job4j_go_share_trip/internal/business/trip/domain/move_trip_draft_to_publish.go:53.2,53.53 1 0
job4j_go_share_trip/internal/business/trip/domain/move_trip_draft_to_publish.go:53.53,55.3 1 0
job4j_go_share_trip/internal/business/trip/domain/move_trip_draft_to_publish.go:57.2,57.95 1 0
job4j_go_share_trip/internal/business/trip/domain/move_trip_draft_to_publish.go:57.95,59.17 2 0
job4j_go_share_trip/internal/business/trip/domain/move_trip_draft_to_publish.go:59.17,62.4 2 0
job4j_go_share_trip/internal/business/trip/domain/move_trip_draft_to_publish.go:64.3,64.36 1 0
job4j_go_share_trip/internal/business/trip/domain/move_trip_draft_to_publish.go:64.36,66.4 1 0
job4j_go_share_trip/internal/business/trip/domain/move_trip_draft_to_publish.go:68.3,68.44 1 0
job4j_go_share_trip/internal/business/trip/domain/move_trip_draft_to_publish.go:68.44,71.4 2 0
job4j_go_share_trip/internal/business/trip/domain/move_trip_draft_to_publish.go:73.3,73.40 1 0
job4j_go_share_trip/internal/business/trip/domain/move_trip_draft_to_publish.go:73.40,75.4 1 0
job4j_go_share_trip/internal/business/trip/domain/move_trip_draft_to_publish.go:77.3,80.67 3 0
job4j_go_share_trip/internal/business/trip/domain/move_trip_draft_to_publish.go:80.67,83.4 2 0
job4j_go_share_trip/internal/business/trip/domain/move_trip_draft_to_publish.go:85.3,85.102 1 0
job4j_go_share_trip/internal/business/trip/domain/move_trip_draft_to_publish.go:85.102,88.4 2 0
job4j_go_share_trip/internal/business/trip/domain/move_trip_draft_to_publish.go:90.3,91.17 2 0
job4j_go_share_trip/internal/business/trip/domain/move_trip_draft_to_publish.go:91.17,93.4 1 0
job4j_go_share_trip/internal/business/trip/domain/move_trip_draft_to_publish.go:95.3,103.67 2 0
job4j_go_share_trip/internal/business/trip/domain/move_trip_draft_to_publish.go:103.67,109.4 5 0
job4j_go_share_trip/internal/business/trip/domain/move_trip_draft_to_publish.go:111.3,111.20 1 0
job4j_go_share_trip/internal/business/trip/domain/move_trip_draft_to_publish.go:114.2,114.16 1 0
job4j_go_share_trip/internal/business/trip/domain/move_trip_draft_to_publish.go:114.16,117.3 2 0
job4j_go_share_trip/internal/business/trip/domain/move_trip_draft_to_publish.go:119.2,130.8 2 0
job4j_go_share_trip/internal/business/trip/domain/move_trip_from_publish_to_started.go:37.148,48.53 4 0
job4j_go_share_trip/internal/business/trip/domain/move_trip_from_publish_to_started.go:48.53,50.3 1 0
job4j_go_share_trip/internal/business/trip/domain/move_trip_from_publish_to_started.go:52.2,52.51 1 0
job4j_go_share_trip/internal/business/trip/domain/move_trip_from_publish_to_started.go:52.51,54.3 1 0
job4j_go_share_trip/internal/business/trip/domain/move_trip_from_publish_to_started.go:56.2,56.95 1 0
job4j_go_share_trip/internal/business/trip/domain/move_trip_from_publish_to_started.go:56.95,58.17 2 0
job4j_go_share_trip/internal/business/trip/domain/move_trip_from_publish_to_started.go:58.17,61.4 2 0
job4j_go_share_trip/internal/business/trip/domain/move_trip_from_publish_to_started.go:63.3,63.43 1 0
job4j_go_share_trip/internal/business/trip/domain/move_trip_from_publish_to_started.go:63.43,65.4 1 0
job4j_go_share_trip/internal/business/trip/domain/move_trip_from_publish_to_started.go:67.3,67.36 1 0
job4j_go_share_trip/internal/business/trip/domain/move_trip_from_publish_to_started.go:67.36,69.4 1 0
job4j_go_share_trip/internal/business/trip/domain/move_trip_from_publish_to_started.go:71.3,74.67 3 0
job4j_go_share_trip/internal/business/trip/domain/move_trip_from_publish_to_started.go:74.67,77.4 2 0
job4j_go_share_trip/internal/business/trip/domain/move_trip_from_publish_to_started.go:79.3,79.102 1 0
job4j_go_share_trip/internal/business/trip/domain/move_trip_from_publish_to_started.go:79.102,82.4 2 0
job4j_go_share_trip/internal/business/trip/domain/move_trip_from_publish_to_started.go:84.3,85.17 2 0
job4j_go_share_trip/internal/business/trip/domain/move_trip_from_publish_to_started.go:85.17,87.4 1 0
job4j_go_share_trip/internal/business/trip/domain/move_trip_from_publish_to_started.go:89.3,97.67 2 0
job4j_go_share_trip/internal/business/trip/domain/move_trip_from_publish_to_started.go:97.67,103.4 5 0
job4j_go_share_trip/internal/business/trip/domain/move_trip_from_publish_to_started.go:105.3,105.20 1 0
job4j_go_share_trip/internal/business/trip/domain/move_trip_from_publish_to_started.go:108.2,108.16 1 0
job4j_go_share_trip/internal/business/trip/domain/move_trip_from_publish_to_started.go:108.16,111.3 2 0
job4j_go_share_trip/internal/business/trip/domain/move_trip_from_publish_to_started.go:113.2,124.8 2 0
job4j_go_share_trip/internal/business/trip/service/create_trip.go:33.103,54.16 7 0
job4j_go_share_trip/internal/business/trip/service/create_trip.go:54.16,60.3 5 0
job4j_go_share_trip/internal/business/trip/service/create_trip.go:62.2,76.8 4 0
job4j_go_share_trip/internal/business/trip/service/get_trip.go:27.106,36.16 5 0
job4j_go_share_trip/internal/business/trip/service/get_trip.go:36.16,38.3 1 0
job4j_go_share_trip/internal/business/trip/service/get_trip.go:40.2,49.8 1 0
job4j_go_share_trip/internal/business/trip/service/move_trip_draft_to_publish.go:33.143,40.15 5 0
job4j_go_share_trip/internal/business/trip/service/move_trip_draft_to_publish.go:40.15,44.3 2 0
job4j_go_share_trip/internal/business/trip/service/move_trip_draft_to_publish.go:46.2,63.19 5 0
job4j_go_share_trip/internal/business/trip/service/move_trip_draft_to_publish.go:63.19,67.6 3 0
job4j_go_share_trip/internal/business/trip/service/move_trip_draft_to_publish.go:69.2,80.11 2 0
job4j_go_share_trip/internal/business/trip/service/move_trip_from_publish_to_started.go:33.149,40.15 5 0
job4j_go_share_trip/internal/business/trip/service/move_trip_from_publish_to_started.go:40.15,44.3 2 0
job4j_go_share_trip/internal/business/trip/service/move_trip_from_publish_to_started.go:46.2,63.16 5 0
job4j_go_share_trip/internal/business/trip/service/move_trip_from_publish_to_started.go:63.16,67.3 3 0
job4j_go_share_trip/internal/business/trip/service/move_trip_from_publish_to_started.go:69.2,80.8 2 0
job4j_go_share_trip/internal/business/trip/service/service.go:22.16,29.2 1 0
job4j_go_share_trip/internal/business/trip/entity/trip.go:37.18,38.26 1 0
job4j_go_share_trip/internal/business/trip/entity/trip.go:38.26,40.3 1 0
job4j_go_share_trip/internal/business/trip/entity/trip.go:41.2,41.21 1 0
job4j_go_share_trip/internal/business/trip/entity/trip.go:41.21,43.3 1 0
job4j_go_share_trip/internal/business/trip/entity/trip.go:44.2,44.19 1 0
job4j_go_share_trip/internal/business/trip/entity/trip.go:44.19,46.3 1 0
job4j_go_share_trip/internal/business/trip/entity/trip.go:47.2,47.28 1 0
job4j_go_share_trip/internal/business/trip/entity/trip.go:47.28,49.3 1 0
job4j_go_share_trip/internal/business/trip/entity/trip.go:50.2,50.16 1 0
job4j_go_share_trip/internal/business/trip/entity/trip.go:50.16,52.3 1 0
job4j_go_share_trip/internal/business/trip/entity/trip.go:54.2,63.8 1 0
