mode: set
job4j_go_share_trip/internal/api/ready.go:12.44,17.2 1 0
job4j_go_share_trip/internal/api/route.go:9.44,19.2 6 1
job4j_go_share_trip/internal/api/server.go:20.99,31.2 2 1
job4j_go_share_trip/internal/domain/trip/entity/trip.go:36.18,37.26 1 1
job4j_go_share_trip/internal/domain/trip/entity/trip.go:37.26,39.3 1 0
job4j_go_share_trip/internal/domain/trip/entity/trip.go:40.2,40.21 1 1
job4j_go_share_trip/internal/domain/trip/entity/trip.go:40.21,42.3 1 0
job4j_go_share_trip/internal/domain/trip/entity/trip.go:43.2,43.19 1 1
job4j_go_share_trip/internal/domain/trip/entity/trip.go:43.19,45.3 1 0
job4j_go_share_trip/internal/domain/trip/entity/trip.go:46.2,46.28 1 1
job4j_go_share_trip/internal/domain/trip/entity/trip.go:46.28,48.3 1 0
job4j_go_share_trip/internal/domain/trip/entity/trip.go:49.2,49.16 1 1
job4j_go_share_trip/internal/domain/trip/entity/trip.go:49.16,51.3 1 0
job4j_go_share_trip/internal/domain/trip/entity/trip.go:53.2,62.8 1 1
job4j_go_share_trip/internal/domain/trip/handler/create_trip.go:14.54,25.43 4 1
job4j_go_share_trip/internal/domain/trip/handler/create_trip.go:25.43,34.3 2 0
job4j_go_share_trip/internal/domain/trip/handler/create_trip.go:37.2,37.39 1 1
job4j_go_share_trip/internal/domain/trip/handler/create_trip.go:37.39,42.3 2 0
job4j_go_share_trip/internal/domain/trip/handler/create_trip.go:45.2,46.16 2 1
job4j_go_share_trip/internal/domain/trip/handler/create_trip.go:46.16,51.3 2 0
job4j_go_share_trip/internal/domain/trip/handler/create_trip.go:53.5,67.16 4 1
job4j_go_share_trip/internal/domain/trip/handler/create_trip.go:67.16,72.3 2 0
job4j_go_share_trip/internal/domain/trip/handler/create_trip.go:75.2,75.64 1 1
job4j_go_share_trip/internal/domain/trip/handler/create_trip.go:75.64,80.3 2 0
job4j_go_share_trip/internal/domain/trip/handler/create_trip.go:82.2,88.78 2 1
job4j_go_share_trip/internal/domain/trip/handler/get_trip_by_uuid.go:10.57,14.19 3 0
job4j_go_share_trip/internal/domain/trip/handler/get_trip_by_uuid.go:14.19,18.6 1 0
job4j_go_share_trip/internal/domain/trip/handler/get_trip_by_uuid.go:20.5,22.21 2 0
job4j_go_share_trip/internal/domain/trip/handler/get_trip_by_uuid.go:22.21,26.6 1 0
job4j_go_share_trip/internal/domain/trip/handler/get_trip_by_uuid.go:28.5,28.81 1 0
job4j_go_share_trip/internal/domain/trip/handler/move_trip_draft_to_publish.go:14.66,25.43 4 1
job4j_go_share_trip/internal/domain/trip/handler/move_trip_draft_to_publish.go:25.43,34.3 2 0
job4j_go_share_trip/internal/domain/trip/handler/move_trip_draft_to_publish.go:37.2,37.39 1 1
job4j_go_share_trip/internal/domain/trip/handler/move_trip_draft_to_publish.go:37.39,45.3 2 0
job4j_go_share_trip/internal/domain/trip/handler/move_trip_draft_to_publish.go:47.2,48.16 2 1
job4j_go_share_trip/internal/domain/trip/handler/move_trip_draft_to_publish.go:48.16,57.3 2 1
job4j_go_share_trip/internal/domain/trip/handler/move_trip_draft_to_publish.go:59.2,59.35 1 1
job4j_go_share_trip/internal/domain/trip/handler/move_trip_draft_to_publish.go:59.35,67.3 2 1
job4j_go_share_trip/internal/domain/trip/handler/move_trip_draft_to_publish.go:69.2,69.43 1 1
job4j_go_share_trip/internal/domain/trip/handler/move_trip_draft_to_publish.go:69.43,71.3 1 1
job4j_go_share_trip/internal/domain/trip/handler/move_trip_draft_to_publish.go:73.2,73.39 1 1
job4j_go_share_trip/internal/domain/trip/handler/move_trip_draft_to_publish.go:73.39,77.3 1 1
job4j_go_share_trip/internal/domain/trip/handler/move_trip_draft_to_publish.go:79.5,83.16 4 1
job4j_go_share_trip/internal/domain/trip/handler/move_trip_draft_to_publish.go:83.16,92.3 2 0
job4j_go_share_trip/internal/domain/trip/handler/move_trip_draft_to_publish.go:94.5,94.105 1 1
job4j_go_share_trip/internal/domain/trip/handler/trip_handler.go:9.68,13.2 1 1
job4j_go_share_trip/internal/domain/trip/handler/request/create_trip_request.go:31.46,33.28 1 1
job4j_go_share_trip/internal/domain/trip/handler/request/create_trip_request.go:33.28,35.3 1 0
job4j_go_share_trip/internal/domain/trip/handler/request/create_trip_request.go:36.2,36.67 1 1
job4j_go_share_trip/internal/domain/trip/handler/request/create_trip_request.go:36.67,38.3 1 0
job4j_go_share_trip/internal/domain/trip/handler/request/create_trip_request.go:41.2,41.23 1 1
job4j_go_share_trip/internal/domain/trip/handler/request/create_trip_request.go:41.23,43.3 1 0
job4j_go_share_trip/internal/domain/trip/handler/request/create_trip_request.go:46.2,46.21 1 1
job4j_go_share_trip/internal/domain/trip/handler/request/create_trip_request.go:46.21,48.3 1 0
job4j_go_share_trip/internal/domain/trip/handler/request/create_trip_request.go:51.2,51.27 1 1
job4j_go_share_trip/internal/domain/trip/handler/request/create_trip_request.go:51.27,53.3 1 0
job4j_go_share_trip/internal/domain/trip/handler/request/create_trip_request.go:56.2,56.18 1 1
job4j_go_share_trip/internal/domain/trip/handler/request/create_trip_request.go:56.18,58.3 1 0
job4j_go_share_trip/internal/domain/trip/handler/request/create_trip_request.go:59.2,59.18 1 1
job4j_go_share_trip/internal/domain/trip/handler/request/create_trip_request.go:59.18,61.3 1 0
job4j_go_share_trip/internal/domain/trip/handler/request/create_trip_request.go:63.2,63.12 1 1
job4j_go_share_trip/internal/domain/trip/handler/request/create_trip_request.go:67.69,72.16 3 1
job4j_go_share_trip/internal/domain/trip/handler/request/create_trip_request.go:72.16,74.3 1 0
job4j_go_share_trip/internal/domain/trip/handler/request/create_trip_request.go:77.2,77.38 1 1
job4j_go_share_trip/internal/domain/trip/handler/request/create_trip_request.go:77.38,79.3 1 0
job4j_go_share_trip/internal/domain/trip/handler/request/create_trip_request.go:81.2,81.27 1 1
job4j_go_share_trip/internal/domain/trip/handler/request/move_trip_draft_to_publish_model_request.go:22.63,24.26 1 1
job4j_go_share_trip/internal/domain/trip/handler/request/move_trip_draft_to_publish_model_request.go:24.26,26.3 1 0
job4j_go_share_trip/internal/domain/trip/handler/request/move_trip_draft_to_publish_model_request.go:27.2,27.65 1 1
job4j_go_share_trip/internal/domain/trip/handler/request/move_trip_draft_to_publish_model_request.go:27.65,29.3 1 0
job4j_go_share_trip/internal/domain/trip/handler/request/move_trip_draft_to_publish_model_request.go:32.2,32.28 1 1
job4j_go_share_trip/internal/domain/trip/handler/request/move_trip_draft_to_publish_model_request.go:32.28,34.3 1 0
job4j_go_share_trip/internal/domain/trip/handler/request/move_trip_draft_to_publish_model_request.go:35.2,35.67 1 1
job4j_go_share_trip/internal/domain/trip/handler/request/move_trip_draft_to_publish_model_request.go:35.67,37.3 1 0
job4j_go_share_trip/internal/domain/trip/handler/request/move_trip_draft_to_publish_model_request.go:39.2,39.12 1 1
job4j_go_share_trip/internal/domain/trip/handler/response/create_trip_response.go:21.52,30.2 8 0
job4j_go_share_trip/internal/domain/trip/handler/response/create_trip_response.go:33.52,44.2 1 1
job4j_go_share_trip/internal/domain/trip/handler/response/create_trip_response.go:47.65,52.2 1 1
job4j_go_share_trip/internal/domain/trip/handler/response/create_trip_response.go:55.81,60.22 2 0
job4j_go_share_trip/internal/domain/trip/handler/response/create_trip_response.go:60.22,62.3 1 0
job4j_go_share_trip/internal/domain/trip/handler/response/create_trip_response.go:63.2,63.13 1 0
job4j_go_share_trip/internal/domain/trip/handler/response/move_trip_draft_to_publish_model_response.go:11.98,15.2 1 1
job4j_go_share_trip/internal/domain/trip/handler/response/move_trip_draft_to_publish_model_response.go:17.87,22.2 1 1
job4j_go_share_trip/internal/domain/trip/handler/response/move_trip_draft_to_publish_model_response.go:25.103,30.22 2 1
job4j_go_share_trip/internal/domain/trip/handler/response/move_trip_draft_to_publish_model_response.go:30.22,32.3 1 1
job4j_go_share_trip/internal/domain/trip/handler/response/move_trip_draft_to_publish_model_response.go:33.2,33.13 1 1
job4j_go_share_trip/internal/domain/trip/repository/trip_repository.go:37.89,42.2 1 1
job4j_go_share_trip/internal/domain/trip/repository/trip_repository.go:44.48,46.2 1 1
job4j_go_share_trip/internal/domain/trip/repository/trip_repository.go:48.79,50.2 1 1
job4j_go_share_trip/internal/domain/trip/repository/trip_repository.go:52.120,54.21 2 0
job4j_go_share_trip/internal/domain/trip/repository/trip_repository.go:54.21,56.6 1 0
job4j_go_share_trip/internal/domain/trip/repository/trip_repository.go:58.5,59.21 2 0
job4j_go_share_trip/internal/domain/trip/repository/trip_repository.go:59.21,61.6 1 0
job4j_go_share_trip/internal/domain/trip/repository/trip_repository.go:63.5,63.28 1 0
job4j_go_share_trip/internal/domain/trip/repository/trip_repository.go:66.93,70.15 3 1
job4j_go_share_trip/internal/domain/trip/repository/trip_repository.go:70.15,80.3 2 1
job4j_go_share_trip/internal/domain/trip/repository/trip_repository.go:82.2,118.16 5 1
job4j_go_share_trip/internal/domain/trip/repository/trip_repository.go:118.16,124.3 2 0
job4j_go_share_trip/internal/domain/trip/repository/trip_repository.go:126.2,128.12 2 1
job4j_go_share_trip/internal/domain/trip/repository/trip_repository.go:131.93,135.15 3 1
job4j_go_share_trip/internal/domain/trip/repository/trip_repository.go:135.15,145.3 2 1
job4j_go_share_trip/internal/domain/trip/repository/trip_repository.go:147.2,170.16 5 1
job4j_go_share_trip/internal/domain/trip/repository/trip_repository.go:170.16,176.3 2 0
job4j_go_share_trip/internal/domain/trip/repository/trip_repository.go:178.2,180.15 2 1
job4j_go_share_trip/internal/domain/trip/repository/trip_repository.go:189.9,192.19 2 1
job4j_go_share_trip/internal/domain/trip/repository/trip_repository.go:192.19,194.3 1 0
job4j_go_share_trip/internal/domain/trip/repository/trip_repository.go:197.2,198.23 2 1
job4j_go_share_trip/internal/domain/trip/repository/trip_repository.go:198.23,200.3 1 1
job4j_go_share_trip/internal/domain/trip/repository/trip_repository.go:201.2,202.21 2 1
job4j_go_share_trip/internal/domain/trip/repository/trip_repository.go:202.21,204.3 1 1
job4j_go_share_trip/internal/domain/trip/repository/trip_repository.go:206.2,217.24 3 1
job4j_go_share_trip/internal/domain/trip/repository/trip_repository.go:217.24,219.3 1 0
job4j_go_share_trip/internal/domain/trip/repository/trip_repository.go:220.2,220.21 1 1
job4j_go_share_trip/internal/domain/trip/repository/trip_repository.go:220.21,222.3 1 0
job4j_go_share_trip/internal/domain/trip/repository/trip_repository.go:224.2,241.44 9 1
job4j_go_share_trip/internal/domain/trip/repository/trip_repository.go:241.44,244.3 2 1
job4j_go_share_trip/internal/domain/trip/repository/trip_repository.go:246.2,247.22 2 1
job4j_go_share_trip/internal/domain/trip/repository/trip_repository.go:247.22,249.3 1 1
job4j_go_share_trip/internal/domain/trip/repository/trip_repository.go:251.2,259.16 7 1
job4j_go_share_trip/internal/domain/trip/repository/trip_repository.go:259.16,265.3 2 0
job4j_go_share_trip/internal/domain/trip/repository/trip_repository.go:267.2,268.12 2 1
job4j_go_share_trip/internal/domain/trip/repository/trip_repository.go:271.99,298.16 4 1
job4j_go_share_trip/internal/domain/trip/repository/trip_repository.go:298.16,301.3 1 0
job4j_go_share_trip/internal/domain/trip/repository/trip_repository.go:303.2,303.19 1 1
job4j_go_share_trip/internal/domain/trip/repository/trip_repository.go:310.24,314.72 2 1
job4j_go_share_trip/internal/domain/trip/repository/trip_repository.go:314.72,317.17 2 1
job4j_go_share_trip/internal/domain/trip/repository/trip_repository.go:317.17,319.4 1 1
job4j_go_share_trip/internal/domain/trip/repository/trip_repository.go:320.3,321.20 2 1
job4j_go_share_trip/internal/domain/trip/repository/trip_repository.go:324.2,324.16 1 1
job4j_go_share_trip/internal/domain/trip/repository/trip_repository.go:324.16,326.3 1 1
job4j_go_share_trip/internal/domain/trip/repository/trip_repository.go:328.2,328.18 1 1
job4j_go_share_trip/internal/domain/trip/repository/trip_repository.go:335.24,362.16 4 1
job4j_go_share_trip/internal/domain/trip/repository/trip_repository.go:362.16,363.36 1 1
job4j_go_share_trip/internal/domain/trip/repository/trip_repository.go:363.36,365.4 1 1
job4j_go_share_trip/internal/domain/trip/repository/trip_repository.go:366.3,368.4 1 0
job4j_go_share_trip/internal/domain/trip/repository/trip_repository.go:371.2,371.18 1 1
job4j_go_share_trip/internal/domain/trip/service/trip_service.go:31.16,37.2 1 1
job4j_go_share_trip/internal/domain/trip/service/trip_service.go:39.76,43.15 3 1
job4j_go_share_trip/internal/domain/trip/service/trip_service.go:43.15,47.3 2 1
job4j_go_share_trip/internal/domain/trip/service/trip_service.go:49.2,63.42 5 1
job4j_go_share_trip/internal/domain/trip/service/trip_service.go:63.42,69.6 2 0
job4j_go_share_trip/internal/domain/trip/service/trip_service.go:70.5,70.18 1 1
job4j_go_share_trip/internal/domain/trip/service/trip_service.go:70.18,71.46 1 1
job4j_go_share_trip/internal/domain/trip/service/trip_service.go:71.46,73.10 1 1
job4j_go_share_trip/internal/domain/trip/service/trip_service.go:76.2,76.74 1 1
job4j_go_share_trip/internal/domain/trip/service/trip_service.go:76.74,83.3 3 0
job4j_go_share_trip/internal/domain/trip/service/trip_service.go:85.5,85.106 1 1
job4j_go_share_trip/internal/domain/trip/service/trip_service.go:85.106,87.6 1 0
job4j_go_share_trip/internal/domain/trip/service/trip_service.go:89.5,90.77 2 1
job4j_go_share_trip/internal/domain/trip/service/trip_service.go:90.77,96.6 2 0
job4j_go_share_trip/internal/domain/trip/service/trip_service.go:98.5,98.40 1 1
job4j_go_share_trip/internal/domain/trip/service/trip_service.go:98.40,100.6 1 0
job4j_go_share_trip/internal/domain/trip/service/trip_service.go:102.5,107.15 2 1
job4j_go_share_trip/internal/domain/trip/service/trip_service.go:110.117,114.15 3 1
job4j_go_share_trip/internal/domain/trip/service/trip_service.go:114.15,118.3 2 1
job4j_go_share_trip/internal/domain/trip/service/trip_service.go:120.5,134.42 5 1
job4j_go_share_trip/internal/domain/trip/service/trip_service.go:134.42,136.6 1 0
job4j_go_share_trip/internal/domain/trip/service/trip_service.go:137.5,137.18 1 1
job4j_go_share_trip/internal/domain/trip/service/trip_service.go:137.18,138.46 1 1
job4j_go_share_trip/internal/domain/trip/service/trip_service.go:138.46,140.10 1 1
job4j_go_share_trip/internal/domain/trip/service/trip_service.go:143.5,143.77 1 1
job4j_go_share_trip/internal/domain/trip/service/trip_service.go:143.77,149.6 2 0
job4j_go_share_trip/internal/domain/trip/service/trip_service.go:151.5,151.113 1 1
job4j_go_share_trip/internal/domain/trip/service/trip_service.go:151.113,157.6 2 0
job4j_go_share_trip/internal/domain/trip/service/trip_service.go:159.5,160.77 2 1
job4j_go_share_trip/internal/domain/trip/service/trip_service.go:160.77,166.6 2 0
job4j_go_share_trip/internal/domain/trip/service/trip_service.go:168.5,169.19 2 1
job4j_go_share_trip/internal/domain/trip/service/trip_service.go:169.19,171.6 1 0
job4j_go_share_trip/internal/domain/trip/service/trip_service.go:173.5,173.40 1 1
job4j_go_share_trip/internal/domain/trip/service/trip_service.go:173.40,175.6 1 0
job4j_go_share_trip/internal/domain/trip/service/trip_service.go:177.5,182.28 2 1
job4j_go_share_trip/internal/domain/trip/service/trip_service.go:185.96,187.2 1 0
job4j_go_share_trip/internal/domain/trip/service/trip_service.go:192.24,194.2 1 1
job4j_go_share_trip/internal/domain/trip/service/trip_service.go:196.111,198.19 2 1
job4j_go_share_trip/internal/domain/trip/service/trip_service.go:198.19,200.6 1 0
job4j_go_share_trip/internal/domain/trip/service/trip_service.go:202.5,208.11 1 1
job4j_go_share_trip/internal/observability/logctx/logger_context.go:11.75,12.36 1 1
job4j_go_share_trip/internal/observability/logctx/logger_context.go:12.36,14.6 1 0
job4j_go_share_trip/internal/observability/logctx/logger_context.go:15.5,15.55 1 1
job4j_go_share_trip/internal/observability/logctx/logger_context.go:18.47,19.16 1 1
job4j_go_share_trip/internal/observability/logctx/logger_context.go:19.16,21.3 1 0
job4j_go_share_trip/internal/observability/logctx/logger_context.go:23.2,24.26 2 1
job4j_go_share_trip/internal/observability/logctx/logger_context.go:24.26,26.3 1 1
job4j_go_share_trip/internal/observability/logctx/logger_context.go:27.2,27.15 1 0
job4j_go_share_trip/internal/observability/logctx/logger_context.go:30.75,31.19 1 0
job4j_go_share_trip/internal/observability/logctx/logger_context.go:31.19,33.6 1 0
job4j_go_share_trip/internal/observability/logctx/logger_context.go:34.5,34.61 1 0
job4j_go_share_trip/internal/observability/logctx/logger_context.go:37.44,38.16 1 0
job4j_go_share_trip/internal/observability/logctx/logger_context.go:38.16,40.3 1 0
job4j_go_share_trip/internal/observability/logctx/logger_context.go:41.2,42.9 2 0
job4j_go_share_trip/internal/observability/logctx/logger_context.go:42.9,44.3 1 0
job4j_go_share_trip/internal/observability/logctx/logger_context.go:45.2,45.14 1 0
job4j_go_share_trip/internal/observability/metrics/metrics.go:22.46,120.2 3 1
job4j_go_share_trip/internal/shared/outbox/event_repository.go:22.86,27.2 1 1
job4j_go_share_trip/internal/shared/outbox/event_repository.go:29.73,31.2 1 0
job4j_go_share_trip/internal/shared/outbox/event_repository.go:33.87,37.15 3 1
job4j_go_share_trip/internal/shared/outbox/event_repository.go:37.15,47.3 2 1
job4j_go_share_trip/internal/shared/outbox/event_repository.go:49.2,69.12 3 1
job4j_go_share_trip/internal/storage/db.go:20.30,22.15 2 0
job4j_go_share_trip/internal/storage/db.go:22.15,24.3 1 0
job4j_go_share_trip/internal/storage/db.go:25.2,28.3 1 0
job4j_go_share_trip/internal/storage/db.go:31.70,33.16 2 0
job4j_go_share_trip/internal/storage/db.go:33.16,35.3 1 0
job4j_go_share_trip/internal/storage/db.go:37.2,43.16 6 0
job4j_go_share_trip/internal/storage/db.go:43.16,45.3 1 0
job4j_go_share_trip/internal/storage/db.go:47.2,50.43 3 0
job4j_go_share_trip/internal/storage/db.go:50.43,53.3 2 0
job4j_go_share_trip/internal/storage/db.go:55.2,55.18 1 0
job4j_go_share_trip/internal/storage/transaction.go:16.15,18.16 2 1
job4j_go_share_trip/internal/storage/transaction.go:18.16,20.3 1 0
job4j_go_share_trip/internal/storage/transaction.go:22.2,22.15 1 1
job4j_go_share_trip/internal/storage/transaction.go:22.15,23.17 1 1
job4j_go_share_trip/internal/storage/transaction.go:23.17,24.64 1 1
job4j_go_share_trip/internal/storage/transaction.go:24.64,27.5 1 0
job4j_go_share_trip/internal/storage/transaction.go:31.2,32.16 2 1
job4j_go_share_trip/internal/storage/transaction.go:32.16,34.3 1 1
job4j_go_share_trip/internal/storage/transaction.go:36.2,36.43 1 1
job4j_go_share_trip/internal/storage/transaction.go:36.43,38.3 1 0
job4j_go_share_trip/internal/storage/transaction.go:40.2,40.17 1 1
job4j_go_share_trip/internal/storage/transaction.go:47.9,49.16 2 0
job4j_go_share_trip/internal/storage/transaction.go:49.16,51.3 1 0
job4j_go_share_trip/internal/storage/transaction.go:53.2,53.15 1 0
job4j_go_share_trip/internal/storage/transaction.go:53.15,54.17 1 0
job4j_go_share_trip/internal/storage/transaction.go:54.17,55.59 1 0
job4j_go_share_trip/internal/storage/transaction.go:55.59,58.5 1 0
job4j_go_share_trip/internal/storage/transaction.go:62.2,62.33 1 0
job4j_go_share_trip/internal/storage/transaction.go:62.33,64.3 1 0
job4j_go_share_trip/internal/storage/transaction.go:66.2,66.38 1 0
job4j_go_share_trip/internal/storage/transaction.go:66.38,68.3 1 0
job4j_go_share_trip/internal/storage/transaction.go:70.2,70.12 1 0
job4j_go_share_trip/internal/storage/unit_of_work.go:18.50,20.2 1 1
job4j_go_share_trip/internal/storage/unit_of_work.go:22.57,24.19 2 1
job4j_go_share_trip/internal/storage/unit_of_work.go:24.19,26.6 1 0
job4j_go_share_trip/internal/storage/unit_of_work.go:27.5,29.15 3 1
job4j_go_share_trip/internal/storage/unit_of_work.go:32.39,33.22 1 1
job4j_go_share_trip/internal/storage/unit_of_work.go:33.22,35.6 1 0
job4j_go_share_trip/internal/storage/unit_of_work.go:36.5,36.34 1 1
job4j_go_share_trip/internal/storage/unit_of_work.go:39.41,40.22 1 1
job4j_go_share_trip/internal/storage/unit_of_work.go:40.22,42.6 1 0
job4j_go_share_trip/internal/storage/unit_of_work.go:43.5,43.36 1 1
job4j_go_share_trip/internal/storage/unit_of_work.go:46.39,48.2 1 1
job4j_go_share_trip/internal/domain/trip/entity/trip.go:36.18,37.26 1 0
job4j_go_share_trip/internal/domain/trip/entity/trip.go:37.26,39.3 1 0
job4j_go_share_trip/internal/domain/trip/entity/trip.go:40.2,40.21 1 0
job4j_go_share_trip/internal/domain/trip/entity/trip.go:40.21,42.3 1 0
job4j_go_share_trip/internal/domain/trip/entity/trip.go:43.2,43.19 1 0
job4j_go_share_trip/internal/domain/trip/entity/trip.go:43.19,45.3 1 0
job4j_go_share_trip/internal/domain/trip/entity/trip.go:46.2,46.28 1 0
job4j_go_share_trip/internal/domain/trip/entity/trip.go:46.28,48.3 1 0
job4j_go_share_trip/internal/domain/trip/entity/trip.go:49.2,49.16 1 0
job4j_go_share_trip/internal/domain/trip/entity/trip.go:49.16,51.3 1 0
job4j_go_share_trip/internal/domain/trip/entity/trip.go:53.2,62.8 1 0
job4j_go_share_trip/internal/domain/trip/handler/response/create_trip_response.go:21.52,30.2 8 0
job4j_go_share_trip/internal/domain/trip/handler/response/create_trip_response.go:33.52,44.2 1 0
job4j_go_share_trip/internal/domain/trip/handler/response/create_trip_response.go:47.65,52.2 1 0
job4j_go_share_trip/internal/domain/trip/handler/response/create_trip_response.go:55.81,60.22 2 0
job4j_go_share_trip/internal/domain/trip/handler/response/create_trip_response.go:60.22,62.3 1 0
job4j_go_share_trip/internal/domain/trip/handler/response/create_trip_response.go:63.2,63.13 1 0
job4j_go_share_trip/internal/domain/trip/handler/response/move_trip_draft_to_publish_model_response.go:11.98,15.2 1 0
job4j_go_share_trip/internal/domain/trip/handler/response/move_trip_draft_to_publish_model_response.go:17.87,22.2 1 0
job4j_go_share_trip/internal/domain/trip/handler/response/move_trip_draft_to_publish_model_response.go:25.103,30.22 2 0
job4j_go_share_trip/internal/domain/trip/handler/response/move_trip_draft_to_publish_model_response.go:30.22,32.3 1 0
job4j_go_share_trip/internal/domain/trip/handler/response/move_trip_draft_to_publish_model_response.go:33.2,33.13 1 0
job4j_go_share_trip/internal/domain/trip/handler/create_trip.go:14.54,25.43 4 0
job4j_go_share_trip/internal/domain/trip/handler/create_trip.go:25.43,34.3 2 0
job4j_go_share_trip/internal/domain/trip/handler/create_trip.go:37.2,37.39 1 0
job4j_go_share_trip/internal/domain/trip/handler/create_trip.go:37.39,42.3 2 0
job4j_go_share_trip/internal/domain/trip/handler/create_trip.go:45.2,46.16 2 0
job4j_go_share_trip/internal/domain/trip/handler/create_trip.go:46.16,51.3 2 0
job4j_go_share_trip/internal/domain/trip/handler/create_trip.go:53.5,67.16 4 0
job4j_go_share_trip/internal/domain/trip/handler/create_trip.go:67.16,72.3 2 0
job4j_go_share_trip/internal/domain/trip/handler/create_trip.go:75.2,75.64 1 0
job4j_go_share_trip/internal/domain/trip/handler/create_trip.go:75.64,80.3 2 0
job4j_go_share_trip/internal/domain/trip/handler/create_trip.go:82.2,88.78 2 0
job4j_go_share_trip/internal/domain/trip/handler/get_trip_by_uuid.go:10.57,14.19 3 0
job4j_go_share_trip/internal/domain/trip/handler/get_trip_by_uuid.go:14.19,18.6 1 0
job4j_go_share_trip/internal/domain/trip/handler/get_trip_by_uuid.go:20.5,22.21 2 0
job4j_go_share_trip/internal/domain/trip/handler/get_trip_by_uuid.go:22.21,26.6 1 0
job4j_go_share_trip/internal/domain/trip/handler/get_trip_by_uuid.go:28.5,28.81 1 0
job4j_go_share_trip/internal/domain/trip/handler/move_trip_draft_to_publish.go:14.66,25.43 4 0
job4j_go_share_trip/internal/domain/trip/handler/move_trip_draft_to_publish.go:25.43,34.3 2 0
job4j_go_share_trip/internal/domain/trip/handler/move_trip_draft_to_publish.go:37.2,37.39 1 0
job4j_go_share_trip/internal/domain/trip/handler/move_trip_draft_to_publish.go:37.39,45.3 2 0
job4j_go_share_trip/internal/domain/trip/handler/move_trip_draft_to_publish.go:47.2,48.16 2 0
job4j_go_share_trip/internal/domain/trip/handler/move_trip_draft_to_publish.go:48.16,57.3 2 0
job4j_go_share_trip/internal/domain/trip/handler/move_trip_draft_to_publish.go:59.2,59.35 1 0
job4j_go_share_trip/internal/domain/trip/handler/move_trip_draft_to_publish.go:59.35,67.3 2 0
job4j_go_share_trip/internal/domain/trip/handler/move_trip_draft_to_publish.go:69.2,69.43 1 0
job4j_go_share_trip/internal/domain/trip/handler/move_trip_draft_to_publish.go:69.43,71.3 1 0
job4j_go_share_trip/internal/domain/trip/handler/move_trip_draft_to_publish.go:73.2,73.39 1 0
job4j_go_share_trip/internal/domain/trip/handler/move_trip_draft_to_publish.go:73.39,77.3 1 0
job4j_go_share_trip/internal/domain/trip/handler/move_trip_draft_to_publish.go:79.5,83.16 4 0
job4j_go_share_trip/internal/domain/trip/handler/move_trip_draft_to_publish.go:83.16,92.3 2 0
job4j_go_share_trip/internal/domain/trip/handler/move_trip_draft_to_publish.go:94.5,94.105 1 0
job4j_go_share_trip/internal/domain/trip/handler/trip_handler.go:9.68,13.2 1 0
job4j_go_share_trip/internal/domain/trip/handler/request/create_trip_request.go:31.46,33.28 1 0
job4j_go_share_trip/internal/domain/trip/handler/request/create_trip_request.go:33.28,35.3 1 0
job4j_go_share_trip/internal/domain/trip/handler/request/create_trip_request.go:36.2,36.67 1 0
job4j_go_share_trip/internal/domain/trip/handler/request/create_trip_request.go:36.67,38.3 1 0
job4j_go_share_trip/internal/domain/trip/handler/request/create_trip_request.go:41.2,41.23 1 0
job4j_go_share_trip/internal/domain/trip/handler/request/create_trip_request.go:41.23,43.3 1 0
job4j_go_share_trip/internal/domain/trip/handler/request/create_trip_request.go:46.2,46.21 1 0
job4j_go_share_trip/internal/domain/trip/handler/request/create_trip_request.go:46.21,48.3 1 0
job4j_go_share_trip/internal/domain/trip/handler/request/create_trip_request.go:51.2,51.27 1 0
job4j_go_share_trip/internal/domain/trip/handler/request/create_trip_request.go:51.27,53.3 1 0
job4j_go_share_trip/internal/domain/trip/handler/request/create_trip_request.go:56.2,56.18 1 0
job4j_go_share_trip/internal/domain/trip/handler/request/create_trip_request.go:56.18,58.3 1 0
job4j_go_share_trip/internal/domain/trip/handler/request/create_trip_request.go:59.2,59.18 1 0
job4j_go_share_trip/internal/domain/trip/handler/request/create_trip_request.go:59.18,61.3 1 0
job4j_go_share_trip/internal/domain/trip/handler/request/create_trip_request.go:63.2,63.12 1 0
job4j_go_share_trip/internal/domain/trip/handler/request/create_trip_request.go:67.69,72.16 3 0
job4j_go_share_trip/internal/domain/trip/handler/request/create_trip_request.go:72.16,74.3 1 0
job4j_go_share_trip/internal/domain/trip/handler/request/create_trip_request.go:77.2,77.38 1 0
job4j_go_share_trip/internal/domain/trip/handler/request/create_trip_request.go:77.38,79.3 1 0
job4j_go_share_trip/internal/domain/trip/handler/request/create_trip_request.go:81.2,81.27 1 0
job4j_go_share_trip/internal/domain/trip/handler/request/move_trip_draft_to_publish_model_request.go:22.63,24.26 1 0
job4j_go_share_trip/internal/domain/trip/handler/request/move_trip_draft_to_publish_model_request.go:24.26,26.3 1 0
job4j_go_share_trip/internal/domain/trip/handler/request/move_trip_draft_to_publish_model_request.go:27.2,27.65 1 0
job4j_go_share_trip/internal/domain/trip/handler/request/move_trip_draft_to_publish_model_request.go:27.65,29.3 1 0
job4j_go_share_trip/internal/domain/trip/handler/request/move_trip_draft_to_publish_model_request.go:32.2,32.28 1 0
job4j_go_share_trip/internal/domain/trip/handler/request/move_trip_draft_to_publish_model_request.go:32.28,34.3 1 0
job4j_go_share_trip/internal/domain/trip/handler/request/move_trip_draft_to_publish_model_request.go:35.2,35.67 1 0
job4j_go_share_trip/internal/domain/trip/handler/request/move_trip_draft_to_publish_model_request.go:35.67,37.3 1 0
job4j_go_share_trip/internal/domain/trip/handler/request/move_trip_draft_to_publish_model_request.go:39.2,39.12 1 0
job4j_go_share_trip/internal/domain/trip/service/trip_service.go:31.16,37.2 1 0
job4j_go_share_trip/internal/domain/trip/service/trip_service.go:39.76,43.15 3 0
job4j_go_share_trip/internal/domain/trip/service/trip_service.go:43.15,47.3 2 0
job4j_go_share_trip/internal/domain/trip/service/trip_service.go:49.2,63.42 5 0
job4j_go_share_trip/internal/domain/trip/service/trip_service.go:63.42,69.6 2 0
job4j_go_share_trip/internal/domain/trip/service/trip_service.go:70.5,70.18 1 0
job4j_go_share_trip/internal/domain/trip/service/trip_service.go:70.18,71.46 1 0
job4j_go_share_trip/internal/domain/trip/service/trip_service.go:71.46,73.10 1 0
job4j_go_share_trip/internal/domain/trip/service/trip_service.go:76.2,76.74 1 0
job4j_go_share_trip/internal/domain/trip/service/trip_service.go:76.74,83.3 3 0
job4j_go_share_trip/internal/domain/trip/service/trip_service.go:85.5,85.106 1 0
job4j_go_share_trip/internal/domain/trip/service/trip_service.go:85.106,87.6 1 0
job4j_go_share_trip/internal/domain/trip/service/trip_service.go:89.5,90.77 2 0
job4j_go_share_trip/internal/domain/trip/service/trip_service.go:90.77,96.6 2 0
job4j_go_share_trip/internal/domain/trip/service/trip_service.go:98.5,98.40 1 0
job4j_go_share_trip/internal/domain/trip/service/trip_service.go:98.40,100.6 1 0
job4j_go_share_trip/internal/domain/trip/service/trip_service.go:102.5,107.15 2 0
job4j_go_share_trip/internal/domain/trip/service/trip_service.go:110.117,114.15 3 0
job4j_go_share_trip/internal/domain/trip/service/trip_service.go:114.15,118.3 2 0
job4j_go_share_trip/internal/domain/trip/service/trip_service.go:120.5,134.42 5 0
job4j_go_share_trip/internal/domain/trip/service/trip_service.go:134.42,136.6 1 0
job4j_go_share_trip/internal/domain/trip/service/trip_service.go:137.5,137.18 1 0
job4j_go_share_trip/internal/domain/trip/service/trip_service.go:137.18,138.46 1 0
job4j_go_share_trip/internal/domain/trip/service/trip_service.go:138.46,140.10 1 0
job4j_go_share_trip/internal/domain/trip/service/trip_service.go:143.5,143.77 1 0
job4j_go_share_trip/internal/domain/trip/service/trip_service.go:143.77,149.6 2 0
job4j_go_share_trip/internal/domain/trip/service/trip_service.go:151.5,151.113 1 0
job4j_go_share_trip/internal/domain/trip/service/trip_service.go:151.113,157.6 2 0
job4j_go_share_trip/internal/domain/trip/service/trip_service.go:159.5,160.77 2 0
job4j_go_share_trip/internal/domain/trip/service/trip_service.go:160.77,166.6 2 0
job4j_go_share_trip/internal/domain/trip/service/trip_service.go:168.5,169.19 2 0
job4j_go_share_trip/internal/domain/trip/service/trip_service.go:169.19,171.6 1 0
job4j_go_share_trip/internal/domain/trip/service/trip_service.go:173.5,173.40 1 0
job4j_go_share_trip/internal/domain/trip/service/trip_service.go:173.40,175.6 1 0
job4j_go_share_trip/internal/domain/trip/service/trip_service.go:177.5,182.28 2 0
job4j_go_share_trip/internal/domain/trip/service/trip_service.go:185.96,187.2 1 0
job4j_go_share_trip/internal/domain/trip/service/trip_service.go:192.24,194.2 1 0
job4j_go_share_trip/internal/domain/trip/service/trip_service.go:196.111,198.19 2 0
job4j_go_share_trip/internal/domain/trip/service/trip_service.go:198.19,200.6 1 0
job4j_go_share_trip/internal/domain/trip/service/trip_service.go:202.5,208.11 1 0
job4j_go_share_trip/internal/domain/trip/repository/trip_repository.go:37.89,42.2 1 0
job4j_go_share_trip/internal/domain/trip/repository/trip_repository.go:44.48,46.2 1 0
job4j_go_share_trip/internal/domain/trip/repository/trip_repository.go:48.79,50.2 1 0
job4j_go_share_trip/internal/domain/trip/repository/trip_repository.go:52.120,54.21 2 0
job4j_go_share_trip/internal/domain/trip/repository/trip_repository.go:54.21,56.6 1 0
job4j_go_share_trip/internal/domain/trip/repository/trip_repository.go:58.5,59.21 2 0
job4j_go_share_trip/internal/domain/trip/repository/trip_repository.go:59.21,61.6 1 0
job4j_go_share_trip/internal/domain/trip/repository/trip_repository.go:63.5,63.28 1 0
job4j_go_share_trip/internal/domain/trip/repository/trip_repository.go:66.93,70.15 3 0
job4j_go_share_trip/internal/domain/trip/repository/trip_repository.go:70.15,80.3 2 0
job4j_go_share_trip/internal/domain/trip/repository/trip_repository.go:82.2,118.16 5 0
job4j_go_share_trip/internal/domain/trip/repository/trip_repository.go:118.16,124.3 2 0
job4j_go_share_trip/internal/domain/trip/repository/trip_repository.go:126.2,128.12 2 0
job4j_go_share_trip/internal/domain/trip/repository/trip_repository.go:131.93,135.15 3 0
job4j_go_share_trip/internal/domain/trip/repository/trip_repository.go:135.15,145.3 2 0
job4j_go_share_trip/internal/domain/trip/repository/trip_repository.go:147.2,170.16 5 0
job4j_go_share_trip/internal/domain/trip/repository/trip_repository.go:170.16,176.3 2 0
job4j_go_share_trip/internal/domain/trip/repository/trip_repository.go:178.2,180.15 2 0
job4j_go_share_trip/internal/domain/trip/repository/trip_repository.go:189.9,192.19 2 0
job4j_go_share_trip/internal/domain/trip/repository/trip_repository.go:192.19,194.3 1 0
job4j_go_share_trip/internal/domain/trip/repository/trip_repository.go:197.2,198.23 2 0
job4j_go_share_trip/internal/domain/trip/repository/trip_repository.go:198.23,200.3 1 0
job4j_go_share_trip/internal/domain/trip/repository/trip_repository.go:201.2,202.21 2 0
job4j_go_share_trip/internal/domain/trip/repository/trip_repository.go:202.21,204.3 1 0
job4j_go_share_trip/internal/domain/trip/repository/trip_repository.go:206.2,217.24 3 0
job4j_go_share_trip/internal/domain/trip/repository/trip_repository.go:217.24,219.3 1 0
job4j_go_share_trip/internal/domain/trip/repository/trip_repository.go:220.2,220.21 1 0
job4j_go_share_trip/internal/domain/trip/repository/trip_repository.go:220.21,222.3 1 0
job4j_go_share_trip/internal/domain/trip/repository/trip_repository.go:224.2,241.44 9 0
job4j_go_share_trip/internal/domain/trip/repository/trip_repository.go:241.44,244.3 2 0
job4j_go_share_trip/internal/domain/trip/repository/trip_repository.go:246.2,247.22 2 0
job4j_go_share_trip/internal/domain/trip/repository/trip_repository.go:247.22,249.3 1 0
job4j_go_share_trip/internal/domain/trip/repository/trip_repository.go:251.2,259.16 7 0
job4j_go_share_trip/internal/domain/trip/repository/trip_repository.go:259.16,265.3 2 0
job4j_go_share_trip/internal/domain/trip/repository/trip_repository.go:267.2,268.12 2 0
job4j_go_share_trip/internal/domain/trip/repository/trip_repository.go:271.99,298.16 4 0
job4j_go_share_trip/internal/domain/trip/repository/trip_repository.go:298.16,301.3 1 0
job4j_go_share_trip/internal/domain/trip/repository/trip_repository.go:303.2,303.19 1 0
job4j_go_share_trip/internal/domain/trip/repository/trip_repository.go:310.24,314.72 2 0
job4j_go_share_trip/internal/domain/trip/repository/trip_repository.go:314.72,317.17 2 0
job4j_go_share_trip/internal/domain/trip/repository/trip_repository.go:317.17,319.4 1 0
job4j_go_share_trip/internal/domain/trip/repository/trip_repository.go:320.3,321.20 2 0
job4j_go_share_trip/internal/domain/trip/repository/trip_repository.go:324.2,324.16 1 0
job4j_go_share_trip/internal/domain/trip/repository/trip_repository.go:324.16,326.3 1 0
job4j_go_share_trip/internal/domain/trip/repository/trip_repository.go:328.2,328.18 1 0
job4j_go_share_trip/internal/domain/trip/repository/trip_repository.go:335.24,362.16 4 0
job4j_go_share_trip/internal/domain/trip/repository/trip_repository.go:362.16,363.36 1 0
job4j_go_share_trip/internal/domain/trip/repository/trip_repository.go:363.36,365.4 1 0
job4j_go_share_trip/internal/domain/trip/repository/trip_repository.go:366.3,368.4 1 0
job4j_go_share_trip/internal/domain/trip/repository/trip_repository.go:371.2,371.18 1 0
